[1023/124700.286:ERROR:process_memory_win.cc(73)] ReadMemory at 0x7ff70c1e0000 of 64 bytes failed: Only part of a ReadProcessMemory or WriteProcessMemory request was completed. (0x12B)
[1023/124700.588:WARNING:pe_image_reader.cc(340)] could not read dos header from C:\Program Files (x86)\Google\Chrome\Application\chrome.exe
[1023/124700.588:ERROR:process_memory_win.cc(73)] ReadMemory at 0x7ff8ca4b0000 of 64 bytes failed: Only part of a ReadProcessMemory or WriteProcessMemory request was completed. (0x12B)
[1023/124700.588:WARNING:pe_image_reader.cc(340)] could not read dos header from C:\Windows\SYSTEM32\ntdll.dll
[1023/124700.588:ERROR:process_memory_win.cc(73)] ReadMemory at 0x7ff8c9cd0000 of 64 bytes failed: Only part of a ReadProcessMemory or WriteProcessMemory request was completed. (0x12B)
[1023/124700.588:WARNING:pe_image_reader.cc(340)] could not read dos header from C:\Windows\system32\KERNEL32.DLL
[1023/124700.588:ERROR:process_memory_win.cc(73)] ReadMemory at 0x7ff8c7b90000 of 64 bytes failed: Only part of a ReadProcessMemory or WriteProcessMemory request was completed. (0x12B)
[1023/124700.589:WARNING:pe_image_reader.cc(340)] could not read dos header from C:\Windows\system32\KERNELBASE.dll
[1023/124700.589:ERROR:process_memory_win.cc(73)] ReadMemory at 0x7ff8a5f70000 of 64 bytes failed: Only part of a ReadProcessMemory or WriteProcessMemory request was completed. (0x12B)
[1023/124700.589:WARNING:pe_image_reader.cc(340)] could not read dos header from C:\Program Files (x86)\Google\Chrome\Application\77.0.3865.120\chrome_elf.dll
[1023/124700.589:ERROR:process_memory_win.cc(73)] ReadMemory at 0x7ff8bf910000 of 64 bytes failed: Only part of a ReadProcessMemory or WriteProcessMemory request was completed. (0x12B)
[1023/124700.589:WARNING:pe_image_reader.cc(340)] could not read dos header from C:\Windows\SYSTEM32\VERSION.dll
[1023/124700.589:ERROR:process_memory_win.cc(73)] ReadMemory at 0x7ff8c9610000 of 64 bytes failed: Only part of a ReadProcessMemory or WriteProcessMemory request was completed. (0x12B)
[1023/124700.589:WARNING:pe_image_reader.cc(340)] could not read dos header from C:\Windows\system32\msvcrt.dll
[1023/124700.589:ERROR:process_memory_win.cc(73)] ReadMemory at 0x7ff8c98a0000 of 64 bytes failed: Only part of a ReadProcessMemory or WriteProcessMemory request was completed. (0x12B)
[1023/124700.589:WARNING:pe_image_reader.cc(340)] could not read dos header from C:\Windows\system32\ADVAPI32.dll
[1023/124700.589:ERROR:process_memory_win.cc(73)] ReadMemory at 0x7ff8c7e30000 of 64 bytes failed: Only part of a ReadProcessMemory or WriteProcessMemory request was completed. (0x12B)
[1023/124700.589:WARNING:pe_image_reader.cc(340)] could not read dos header from C:\Windows\SYSTEM32\sechost.dll
[1023/124700.590:ERROR:process_memory_win.cc(73)] ReadMemory at 0x7ff8ca080000 of 64 bytes failed: Only part of a ReadProcessMemory or WriteProcessMemory request was completed. (0x12B)
[1023/124700.590:WARNING:pe_image_reader.cc(340)] could not read dos header from C:\Windows\system32\RPCRT4.dll
[1023/124700.590:ERROR:process_memory_win.cc(73)] ReadMemory at 0x7ff8922b0000 of 64 bytes failed: Only part of a ReadProcessMemory or WriteProcessMemory request was completed. (0x12B)
[1023/124706.072:WARNING:pe_image_reader.cc(340)] could not read dos header from C:\Program Files (x86)\Google\Chrome\Application\77.0.3865.120\chrome_child.dll
[1023/124706.073:ERROR:process_memory_win.cc(73)] ReadMemory at 0x80911c0000 of 64 bytes failed: Only part of a ReadProcessMemory or WriteProcessMemory request was completed. (0x12B)
[1023/124706.073:WARNING:pe_image_reader.cc(340)] could not read dos header from C:\Windows\system32\OLEAUT32.dll
[1023/124706.073:ERROR:process_memory_win.cc(73)] ReadMemory at 0x7ff8c96c0000 of 64 bytes failed: Only part of a ReadProcessMemory or WriteProcessMemory request was completed. (0x12B)
[1023/124706.073:WARNING:pe_image_reader.cc(340)] could not read dos header from C:\Windows\system32\WS2_32.dll
[1023/124706.073:ERROR:process_memory_win.cc(73)] ReadMemory at 0x7ff8c4250000 of 64 bytes failed: Only part of a ReadProcessMemory or WriteProcessMemory request was completed. (0x12B)
[1023/124706.073:WARNING:pe_image_reader.cc(340)] could not read dos header from C:\Windows\SYSTEM32\IPHLPAPI.DLL
[1023/124706.074:ERROR:process_memory_win.cc(73)] ReadMemory at 0x7ff8b4860000 of 64 bytes failed: Only part of a ReadProcessMemory or WriteProcessMemory request was completed. (0x12B)
[1023/124706.074:WARNING:pe_image_reader.cc(340)] could not read dos header from C:\Windows\SYSTEM32\WINMM.dll
[1023/124706.074:ERROR:process_memory_win.cc(73)] ReadMemory at 0x7ff8ca360000 of 64 bytes failed: Only part of a ReadProcessMemory or WriteProcessMemory request was completed. (0x12B)
[1023/124706.074:WARNING:pe_image_reader.cc(340)] could not read dos header from C:\Windows\system32\GDI32.dll
[1023/124706.074:ERROR:process_memory_win.cc(73)] ReadMemory at 0x7ff8c7cf0000 of 64 bytes failed: Only part of a ReadProcessMemory or WriteProcessMemory request was completed. (0x12B)
[1023/124706.074:WARNING:pe_image_reader.cc(340)] could not read dos header from C:\Windows\system32\WINTRUST.dll
[1023/124706.074:ERROR:process_memory_win.cc(73)] ReadMemory at 0x7ff8c79b0000 of 64 bytes failed: Only part of a ReadProcessMemory or WriteProcessMemory request was completed. (0x12B)
[1023/124706.074:WARNING:pe_image_reader.cc(340)] could not read dos header from C:\Windows\system32\CRYPT32.dll
[1023/124706.074:ERROR:process_memory_win.cc(73)] ReadMemory at 0x7ff8c6e00000 of 64 bytes failed: Only part of a ReadProcessMemory or WriteProcessMemory request was completed. (0x12B)
[1023/124706.074:WARNING:pe_image_reader.cc(340)] could not read dos header from C:\Windows\SYSTEM32\USERENV.dll
[1023/124706.074:ERROR:process_memory_win.cc(73)] ReadMemory at 0x7ff8c3a80000 of 64 bytes failed: Only part of a ReadProcessMemory or WriteProcessMemory request was completed. (0x12B)
[1023/124706.074:WARNING:pe_image_reader.cc(340)] could not read dos header from C:\Windows\SYSTEM32\DWrite.dll
[1023/124706.074:ERROR:process_memory_win.cc(73)] ReadMemory at 0x7ff8b8a00000 of 64 bytes failed: Only part of a ReadProcessMemory or WriteProcessMemory request was completed. (0x12B)
[1023/124706.074:WARNING:pe_image_reader.cc(340)] could not read dos header from C:\Windows\SYSTEM32\WINSPOOL.DRV
[1023/124706.075:ERROR:process_memory_win.cc(73)] ReadMemory at 0x7ff8b43f0000 of 64 bytes failed: Only part of a ReadProcessMemory or WriteProcessMemory request was completed. (0x12B)
[1023/124706.075:WARNING:pe_image_reader.cc(340)] could not read dos header from C:\Windows\SYSTEM32\dbghelp.dll
[1023/124706.075:ERROR:process_memory_win.cc(73)] ReadMemory at 0x7ff8bb3f0000 of 64 bytes failed: Only part of a ReadProcessMemory or WriteProcessMemory request was completed. (0x12B)
[1023/124706.075:WARNING:pe_image_reader.cc(340)] could not read dos header from C:\Windows\SYSTEM32\WINHTTP.dll
[1023/124706.075:ERROR:process_memory_win.cc(73)] ReadMemory at 0x7ff8c0d10000 of 64 bytes failed: Only part of a ReadProcessMemory or WriteProcessMemory request was completed. (0x12B)
[1023/124706.075:WARNING:pe_image_reader.cc(340)] could not read dos header from C:\Windows\SYSTEM32\Secur32.dll
[1023/124706.075:ERROR:process_memory_win.cc(73)] ReadMemory at 0x7ff8c3d10000 of 64 bytes failed: Only part of a ReadProcessMemory or WriteProcessMemory request was completed. (0x12B)
[1023/124706.075:WARNING:pe_image_reader.cc(340)] could not read dos header from C:\Windows\SYSTEM32\dhcpcsvc.DLL
[1023/124706.075:ERROR:process_memory_win.cc(73)] ReadMemory at 0x7ff8c7e90000 of 64 bytes failed: Only part of a ReadProcessMemory or WriteProcessMemory request was completed. (0x12B)
[1023/124706.075:WARNING:pe_image_reader.cc(340)] could not read dos header from C:\Windows\system32\combase.dll
[1023/124706.075:ERROR:process_memory_win.cc(73)] ReadMemory at 0x7ff8c9ed0000 of 64 bytes failed: Only part of a ReadProcessMemory or WriteProcessMemory request was completed. (0x12B)
[1023/124706.075:WARNING:pe_image_reader.cc(340)] could not read dos header from C:\Windows\system32\NSI.dll
[1023/124706.075:ERROR:process_memory_win.cc(73)] ReadMemory at 0x7ff8c41f0000 of 64 bytes failed: Only part of a ReadProcessMemory or WriteProcessMemory request was completed. (0x12B)
[1023/124706.075:WARNING:pe_image_reader.cc(340)] could not read dos header from C:\Windows\SYSTEM32\WINNSI.DLL
[1023/124706.075:ERROR:process_memory_win.cc(73)] ReadMemory at 0x7ff8b37b0000 of 64 bytes failed: Only part of a ReadProcessMemory or WriteProcessMemory request was completed. (0x12B)
[1023/124706.075:WARNING:pe_image_reader.cc(340)] could not read dos header from C:\Windows\SYSTEM32\WINMMBASE.dll
[1023/124706.075:ERROR:process_memory_win.cc(73)] ReadMemory at 0x7ff8c9f00000 of 64 bytes failed: Only part of a ReadProcessMemory or WriteProcessMemory request was completed. (0x12B)
[1023/124706.075:WARNING:pe_image_reader.cc(340)] could not read dos header from C:\Windows\system32\USER32.dll
[1023/124706.075:ERROR:process_memory_win.cc(73)] ReadMemory at 0x7ff8c78e0000 of 64 bytes failed: Only part of a ReadProcessMemory or WriteProcessMemory request was completed. (0x12B)
[1023/124706.075:WARNING:pe_image_reader.cc(340)] could not read dos header from C:\Windows\system32\MSASN1.dll
[1023/124706.075:ERROR:process_memory_win.cc(73)] ReadMemory at 0x7ff8c7830000 of 64 bytes failed: Only part of a ReadProcessMemory or WriteProcessMemory request was completed. (0x12B)
[1023/124706.075:WARNING:pe_image_reader.cc(340)] could not read dos header from C:\Windows\SYSTEM32\profapi.dll
[1023/124706.076:ERROR:process_memory_win.cc(73)] ReadMemory at 0x7ff8c7ca0000 of 64 bytes failed: Only part of a ReadProcessMemory or WriteProcessMemory request was completed. (0x12B)
[1023/124706.076:WARNING:pe_image_reader.cc(340)] could not read dos header from C:\Windows\SYSTEM32\cfgmgr32.dll
[1023/124706.076:ERROR:process_memory_win.cc(73)] ReadMemory at 0x7ff8c66c0000 of 64 bytes failed: Only part of a ReadProcessMemory or WriteProcessMemory request was completed. (0x12B)
[1023/124706.076:WARNING:pe_image_reader.cc(340)] could not read dos header from C:\Windows\SYSTEM32\DEVOBJ.dll
[1023/124706.076:ERROR:process_memory_win.cc(73)] ReadMemory at 0x7ff8c7670000 of 64 bytes failed: Only part of a ReadProcessMemory or WriteProcessMemory request was completed. (0x12B)
[1023/124706.076:WARNING:pe_image_reader.cc(340)] could not read dos header from C:\Windows\SYSTEM32\SSPICLI.DLL
[1023/124706.076:ERROR:process_memory_win.cc(73)] ReadMemory at 0x7ff8c7d40000 of 64 bytes failed: Only part of a ReadProcessMemory or WriteProcessMemory request was completed. (0x12B)
[1023/124706.076:WARNING:pe_image_reader.cc(340)] could not read dos header from C:\Windows\system32\IMM32.DLL
[1023/124706.076:ERROR:process_memory_win.cc(73)] ReadMemory at 0x7ff8c9950000 of 64 bytes failed: Only part of a ReadProcessMemory or WriteProcessMemory request was completed. (0x12B)
[1023/124706.076:WARNING:pe_image_reader.cc(340)] could not read dos header from C:\Windows\system32\MSCTF.dll
[1023/124706.076:ERROR:process_memory_win.cc(73)] ReadMemory at 0x7ff8c7700000 of 64 bytes failed: Only part of a ReadProcessMemory or WriteProcessMemory request was completed. (0x12B)
[1023/124706.076:WARNING:pe_image_reader.cc(340)] could not read dos header from C:\Windows\SYSTEM32\CRYPTBASE.DLL
[1023/124706.077:ERROR:process_memory_win.cc(73)] ReadMemory at 0x7ff8c76a0000 of 64 bytes failed: Only part of a ReadProcessMemory or WriteProcessMemory request was completed. (0x12B)
[1023/124706.077:WARNING:pe_image_reader.cc(340)] could not read dos header from C:\Windows\SYSTEM32\bcryptPrimitives.dll
[1023/124706.077:ERROR:process_memory_win.cc(73)] ReadMemory at 0x7ff70c1e0000 of 64 bytes failed: Only part of a ReadProcessMemory or WriteProcessMemory request was completed. (0x12B)
[1023/124706.077:WARNING:pe_image_reader.cc(340)] could not read dos header from C:\Program Files (x86)\Google\Chrome\Application\chrome.exe
[1023/124706.078:ERROR:process_memory_win.cc(73)] ReadMemory at 0x7ff70c1e0000 of 64 bytes failed: Only part of a ReadProcessMemory or WriteProcessMemory request was completed. (0x12B)
[1023/124706.078:WARNING:pe_image_reader.cc(340)] could not read dos header from C:\Program Files (x86)\Google\Chrome\Application\chrome.exe
[1023/124706.078:ERROR:process_memory_win.cc(73)] ReadMemory at 0x7ff8ca4b0000 of 64 bytes failed: Only part of a ReadProcessMemory or WriteProcessMemory request was completed. (0x12B)
[1023/124706.078:WARNING:pe_image_reader.cc(340)] could not read dos header from C:\Windows\SYSTEM32\ntdll.dll
[1023/124706.078:ERROR:process_memory_win.cc(73)] ReadMemory at 0x7ff8ca4b0000 of 64 bytes failed: Only part of a ReadProcessMemory or WriteProcessMemory request was completed. (0x12B)
[1023/124706.078:WARNING:pe_image_reader.cc(340)] could not read dos header from C:\Windows\SYSTEM32\ntdll.dll
[1023/124706.078:ERROR:process_memory_win.cc(73)] ReadMemory at 0x7ff8c9cd0000 of 64 bytes failed: Only part of a ReadProcessMemory or WriteProcessMemory request was completed. (0x12B)
[1023/124706.079:WARNING:pe_image_reader.cc(340)] could not read dos header from C:\Windows\system32\KERNEL32.DLL
[1023/124706.079:ERROR:process_memory_win.cc(73)] ReadMemory at 0x7ff8c9cd0000 of 64 bytes failed: Only part of a ReadProcessMemory or WriteProcessMemory request was completed. (0x12B)
[1023/124706.079:WARNING:pe_image_reader.cc(340)] could not read dos header from C:\Windows\system32\KERNEL32.DLL
[1023/124706.079:ERROR:process_memory_win.cc(73)] ReadMemory at 0x7ff8c7b90000 of 64 bytes failed: Only part of a ReadProcessMemory or WriteProcessMemory request was completed. (0x12B)
[1023/124706.080:WARNING:pe_image_reader.cc(340)] could not read dos header from C:\Windows\system32\KERNELBASE.dll
[1023/124706.081:ERROR:process_memory_win.cc(73)] ReadMemory at 0x7ff8c7b90000 of 64 bytes failed: Only part of a ReadProcessMemory or WriteProcessMemory request was completed. (0x12B)
[1023/124706.082:WARNING:pe_image_reader.cc(340)] could not read dos header from C:\Windows\system32\KERNELBASE.dll
[1023/124706.083:ERROR:process_memory_win.cc(73)] ReadMemory at 0x7ff8a5f70000 of 64 bytes failed: Only part of a ReadProcessMemory or WriteProcessMemory request was completed. (0x12B)
[1023/124706.083:WARNING:pe_image_reader.cc(340)] could not read dos header from C:\Program Files (x86)\Google\Chrome\Application\77.0.3865.120\chrome_elf.dll
[1023/124706.083:ERROR:process_memory_win.cc(73)] ReadMemory at 0x7ff8a5f70000 of 64 bytes failed: Only part of a ReadProcessMemory or WriteProcessMemory request was completed. (0x12B)
[1023/124706.083:WARNING:pe_image_reader.cc(340)] could not read dos header from C:\Program Files (x86)\Google\Chrome\Application\77.0.3865.120\chrome_elf.dll
[1023/124706.083:ERROR:process_memory_win.cc(73)] ReadMemory at 0x7ff8bf910000 of 64 bytes failed: Only part of a ReadProcessMemory or WriteProcessMemory request was completed. (0x12B)
[1023/124706.083:WARNING:pe_image_reader.cc(340)] could not read dos header from C:\Windows\SYSTEM32\VERSION.dll
[1023/124706.083:ERROR:process_memory_win.cc(73)] ReadMemory at 0x7ff8bf910000 of 64 bytes failed: Only part of a ReadProcessMemory or WriteProcessMemory request was completed. (0x12B)
[1023/124706.083:WARNING:pe_image_reader.cc(340)] could not read dos header from C:\Windows\SYSTEM32\VERSION.dll
[1023/124706.083:ERROR:process_memory_win.cc(73)] ReadMemory at 0x7ff8c9610000 of 64 bytes failed: Only part of a ReadProcessMemory or WriteProcessMemory request was completed. (0x12B)
[1023/124706.084:WARNING:pe_image_reader.cc(340)] could not read dos header from C:\Windows\system32\msvcrt.dll
[1023/124706.085:ERROR:process_memory_win.cc(73)] ReadMemory at 0x7ff8c9610000 of 64 bytes failed: Only part of a ReadProcessMemory or WriteProcessMemory request was completed. (0x12B)
[1023/124706.085:WARNING:pe_image_reader.cc(340)] could not read dos header from C:\Windows\system32\msvcrt.dll
[1023/124706.086:ERROR:process_memory_win.cc(73)] ReadMemory at 0x7ff8c98a0000 of 64 bytes failed: Only part of a ReadProcessMemory or WriteProcessMemory request was completed. (0x12B)
[1023/124706.086:WARNING:pe_image_reader.cc(340)] could not read dos header from C:\Windows\system32\ADVAPI32.dll
[1023/124706.086:ERROR:process_memory_win.cc(73)] ReadMemory at 0x7ff8c98a0000 of 64 bytes failed: Only part of a ReadProcessMemory or WriteProcessMemory request was completed. (0x12B)
[1023/124706.086:WARNING:pe_image_reader.cc(340)] could not read dos header from C:\Windows\system32\ADVAPI32.dll
[1023/124706.086:ERROR:process_memory_win.cc(73)] ReadMemory at 0x7ff8c7e30000 of 64 bytes failed: Only part of a ReadProcessMemory or WriteProcessMemory request was completed. (0x12B)
[1023/124706.086:WARNING:pe_image_reader.cc(340)] could not read dos header from C:\Windows\SYSTEM32\sechost.dll
[1023/124706.086:ERROR:process_memory_win.cc(73)] ReadMemory at 0x7ff8c7e30000 of 64 bytes failed: Only part of a ReadProcessMemory or WriteProcessMemory request was completed. (0x12B)
[1023/124706.086:WARNING:pe_image_reader.cc(340)] could not read dos header from C:\Windows\SYSTEM32\sechost.dll
[1023/124706.086:ERROR:process_memory_win.cc(73)] ReadMemory at 0x7ff8ca080000 of 64 bytes failed: Only part of a ReadProcessMemory or WriteProcessMemory request was completed. (0x12B)
[1023/124706.087:WARNING:pe_image_reader.cc(340)] could not read dos header from C:\Windows\system32\RPCRT4.dll
[1023/124706.087:ERROR:process_memory_win.cc(73)] ReadMemory at 0x7ff8ca080000 of 64 bytes failed: Only part of a ReadProcessMemory or WriteProcessMemory request was completed. (0x12B)
[1023/124706.087:WARNING:pe_image_reader.cc(340)] could not read dos header from C:\Windows\system32\RPCRT4.dll
[1023/124706.087:ERROR:process_memory_win.cc(73)] ReadMemory at 0x7ff8922b0000 of 64 bytes failed: Only part of a ReadProcessMemory or WriteProcessMemory request was completed. (0x12B)
[1023/124706.087:WARNING:pe_image_reader.cc(340)] could not read dos header from C:\Program Files (x86)\Google\Chrome\Application\77.0.3865.120\chrome_child.dll
[1023/124706.087:ERROR:process_memory_win.cc(73)] ReadMemory at 0x7ff8922b0000 of 64 bytes failed: Only part of a ReadProcessMemory or WriteProcessMemory request was completed. (0x12B)
[1023/124706.088:WARNING:pe_image_reader.cc(340)] could not read dos header from C:\Program Files (x86)\Google\Chrome\Application\77.0.3865.120\chrome_child.dll
[1023/124706.088:ERROR:process_memory_win.cc(73)] ReadMemory at 0x80911c0000 of 64 bytes failed: Only part of a ReadProcessMemory or WriteProcessMemory request was completed. (0x12B)
[1023/124706.088:WARNING:pe_image_reader.cc(340)] could not read dos header from C:\Windows\system32\OLEAUT32.dll
[1023/124706.090:ERROR:process_memory_win.cc(73)] ReadMemory at 0x80911c0000 of 64 bytes failed: Only part of a ReadProcessMemory or WriteProcessMemory request was completed. (0x12B)
[1023/124706.091:WARNING:pe_image_reader.cc(340)] could not read dos header from C:\Windows\system32\OLEAUT32.dll
[1023/124706.092:ERROR:process_memory_win.cc(73)] ReadMemory at 0x7ff8c96c0000 of 64 bytes failed: Only part of a ReadProcessMemory or WriteProcessMemory request was completed. (0x12B)
[1023/124706.093:WARNING:pe_image_reader.cc(340)] could not read dos header from C:\Windows\system32\WS2_32.dll
[1023/124706.093:ERROR:process_memory_win.cc(73)] ReadMemory at 0x7ff8c96c0000 of 64 bytes failed: Only part of a ReadProcessMemory or WriteProcessMemory request was completed. (0x12B)
[1023/124706.093:WARNING:pe_image_reader.cc(340)] could not read dos header from C:\Windows\system32\WS2_32.dll
[1023/124706.093:ERROR:process_memory_win.cc(73)] ReadMemory at 0x7ff8c4250000 of 64 bytes failed: Only part of a ReadProcessMemory or WriteProcessMemory request was completed. (0x12B)
[1023/124706.093:WARNING:pe_image_reader.cc(340)] could not read dos header from C:\Windows\SYSTEM32\IPHLPAPI.DLL
[1023/124706.093:ERROR:process_memory_win.cc(73)] ReadMemory at 0x7ff8c4250000 of 64 bytes failed: Only part of a ReadProcessMemory or WriteProcessMemory request was completed. (0x12B)
[1023/124706.094:WARNING:pe_image_reader.cc(340)] could not read dos header from C:\Windows\SYSTEM32\IPHLPAPI.DLL
[1023/124706.094:ERROR:process_memory_win.cc(73)] ReadMemory at 0x7ff8b4860000 of 64 bytes failed: Only part of a ReadProcessMemory or WriteProcessMemory request was completed. (0x12B)
[1023/124706.094:WARNING:pe_image_reader.cc(340)] could not read dos header from C:\Windows\SYSTEM32\WINMM.dll
[1023/124706.094:ERROR:process_memory_win.cc(73)] ReadMemory at 0x7ff8b4860000 of 64 bytes failed: Only part of a ReadProcessMemory or WriteProcessMemory request was completed. (0x12B)
[1023/124706.094:WARNING:pe_image_reader.cc(340)] could not read dos header from C:\Windows\SYSTEM32\WINMM.dll
[1023/124706.095:ERROR:process_memory_win.cc(73)] ReadMemory at 0x7ff8ca360000 of 64 bytes failed: Only part of a ReadProcessMemory or WriteProcessMemory request was completed. (0x12B)
[1023/124706.095:WARNING:pe_image_reader.cc(340)] could not read dos header from C:\Windows\system32\GDI32.dll
[1023/124706.095:ERROR:process_memory_win.cc(73)] ReadMemory at 0x7ff8ca360000 of 64 bytes failed: Only part of a ReadProcessMemory or WriteProcessMemory request was completed. (0x12B)
[1023/124706.095:WARNING:pe_image_reader.cc(340)] could not read dos header from C:\Windows\system32\GDI32.dll
[1023/124706.095:ERROR:process_memory_win.cc(73)] ReadMemory at 0x7ff8c7cf0000 of 64 bytes failed: Only part of a ReadProcessMemory or WriteProcessMemory request was completed. (0x12B)
[1023/124706.095:WARNING:pe_image_reader.cc(340)] could not read dos header from C:\Windows\system32\WINTRUST.dll
[1023/124706.095:ERROR:process_memory_win.cc(73)] ReadMemory at 0x7ff8c7cf0000 of 64 bytes failed: Only part of a ReadProcessMemory or WriteProcessMemory request was completed. (0x12B)
[1023/124706.095:WARNING:pe_image_reader.cc(340)] could not read dos header from C:\Windows\system32\WINTRUST.dll
[1023/124706.095:ERROR:process_memory_win.cc(73)] ReadMemory at 0x7ff8c79b0000 of 64 bytes failed: Only part of a ReadProcessMemory or WriteProcessMemory request was completed. (0x12B)
[1023/124706.095:WARNING:pe_image_reader.cc(340)] could not read dos header from C:\Windows\system32\CRYPT32.dll
[1023/124706.095:ERROR:process_memory_win.cc(73)] ReadMemory at 0x7ff8c79b0000 of 64 bytes failed: Only part of a ReadProcessMemory or WriteProcessMemory request was completed. (0x12B)
[1023/124706.096:WARNING:pe_image_reader.cc(340)] could not read dos header from C:\Windows\system32\CRYPT32.dll
[1023/124706.096:ERROR:process_memory_win.cc(73)] ReadMemory at 0x7ff8c6e00000 of 64 bytes failed: Only part of a ReadProcessMemory or WriteProcessMemory request was completed. (0x12B)
[1023/124706.096:WARNING:pe_image_reader.cc(340)] could not read dos header from C:\Windows\SYSTEM32\USERENV.dll
[1023/124706.096:ERROR:process_memory_win.cc(73)] ReadMemory at 0x7ff8c6e00000 of 64 bytes failed: Only part of a ReadProcessMemory or WriteProcessMemory request was completed. (0x12B)
[1023/124706.096:WARNING:pe_image_reader.cc(340)] could not read dos header from C:\Windows\SYSTEM32\USERENV.dll
[1023/124706.096:ERROR:process_memory_win.cc(73)] ReadMemory at 0x7ff8c3a80000 of 64 bytes failed: Only part of a ReadProcessMemory or WriteProcessMemory request was completed. (0x12B)
[1023/124706.097:WARNING:pe_image_reader.cc(340)] could not read dos header from C:\Windows\SYSTEM32\DWrite.dll
[1023/124706.097:ERROR:process_memory_win.cc(73)] ReadMemory at 0x7ff8c3a80000 of 64 bytes failed: Only part of a ReadProcessMemory or WriteProcessMemory request was completed. (0x12B)
[1023/124706.098:WARNING:pe_image_reader.cc(340)] could not read dos header from C:\Windows\SYSTEM32\DWrite.dll
[1023/124706.098:ERROR:process_memory_win.cc(73)] ReadMemory at 0x7ff8b8a00000 of 64 bytes failed: Only part of a ReadProcessMemory or WriteProcessMemory request was completed. (0x12B)
[1023/124706.098:WARNING:pe_image_reader.cc(340)] could not read dos header from C:\Windows\SYSTEM32\WINSPOOL.DRV
[1023/124706.098:ERROR:process_memory_win.cc(73)] ReadMemory at 0x7ff8b8a00000 of 64 bytes failed: Only part of a ReadProcessMemory or WriteProcessMemory request was completed. (0x12B)
[1023/124706.098:WARNING:pe_image_reader.cc(340)] could not read dos header from C:\Windows\SYSTEM32\WINSPOOL.DRV
[1023/124706.098:ERROR:process_memory_win.cc(73)] ReadMemory at 0x7ff8b43f0000 of 64 bytes failed: Only part of a ReadProcessMemory or WriteProcessMemory request was completed. (0x12B)
[1023/124706.099:WARNING:pe_image_reader.cc(340)] could not read dos header from C:\Windows\SYSTEM32\dbghelp.dll
[1023/124706.099:ERROR:process_memory_win.cc(73)] ReadMemory at 0x7ff8b43f0000 of 64 bytes failed: Only part of a ReadProcessMemory or WriteProcessMemory request was completed. (0x12B)
[1023/124706.100:WARNING:pe_image_reader.cc(340)] could not read dos header from C:\Windows\SYSTEM32\dbghelp.dll
[1023/124706.100:ERROR:process_memory_win.cc(73)] ReadMemory at 0x7ff8bb3f0000 of 64 bytes failed: Only part of a ReadProcessMemory or WriteProcessMemory request was completed. (0x12B)
[1023/124706.101:WARNING:pe_image_reader.cc(340)] could not read dos header from C:\Windows\SYSTEM32\WINHTTP.dll
[1023/124706.101:ERROR:process_memory_win.cc(73)] ReadMemory at 0x7ff8bb3f0000 of 64 bytes failed: Only part of a ReadProcessMemory or WriteProcessMemory request was completed. (0x12B)
[1023/124706.102:WARNING:pe_image_reader.cc(340)] could not read dos header from C:\Windows\SYSTEM32\WINHTTP.dll
[1023/124706.102:ERROR:process_memory_win.cc(73)] ReadMemory at 0x7ff8c0d10000 of 64 bytes failed: Only part of a ReadProcessMemory or WriteProcessMemory request was completed. (0x12B)
[1023/124706.102:WARNING:pe_image_reader.cc(340)] could not read dos header from C:\Windows\SYSTEM32\Secur32.dll
[1023/124706.102:ERROR:process_memory_win.cc(73)] ReadMemory at 0x7ff8c0d10000 of 64 bytes failed: Only part of a ReadProcessMemory or WriteProcessMemory request was completed. (0x12B)
[1023/124706.102:WARNING:pe_image_reader.cc(340)] could not read dos header from C:\Windows\SYSTEM32\Secur32.dll
[1023/124706.102:ERROR:process_memory_win.cc(73)] ReadMemory at 0x7ff8c3d10000 of 64 bytes failed: Only part of a ReadProcessMemory or WriteProcessMemory request was completed. (0x12B)
[1023/124706.102:WARNING:pe_image_reader.cc(340)] could not read dos header from C:\Windows\SYSTEM32\dhcpcsvc.DLL
[1023/124706.102:ERROR:process_memory_win.cc(73)] ReadMemory at 0x7ff8c3d10000 of 64 bytes failed: Only part of a ReadProcessMemory or WriteProcessMemory request was completed. (0x12B)
[1023/124706.102:WARNING:pe_image_reader.cc(340)] could not read dos header from C:\Windows\SYSTEM32\dhcpcsvc.DLL
[1023/124706.102:ERROR:process_memory_win.cc(73)] ReadMemory at 0x7ff8c7e90000 of 64 bytes failed: Only part of a ReadProcessMemory or WriteProcessMemory request was completed. (0x12B)
[1023/124706.102:WARNING:pe_image_reader.cc(340)] could not read dos header from C:\Windows\system32\combase.dll
[1023/124706.103:ERROR:process_memory_win.cc(73)] ReadMemory at 0x7ff8c7e90000 of 64 bytes failed: Only part of a ReadProcessMemory or WriteProcessMemory request was completed. (0x12B)
[1023/124706.103:WARNING:pe_image_reader.cc(340)] could not read dos header from C:\Windows\system32\combase.dll
[1023/124706.103:ERROR:process_memory_win.cc(73)] ReadMemory at 0x7ff8c9ed0000 of 64 bytes failed: Only part of a ReadProcessMemory or WriteProcessMemory request was completed. (0x12B)
[1023/124706.103:WARNING:pe_image_reader.cc(340)] could not read dos header from C:\Windows\system32\NSI.dll
[1023/124706.103:ERROR:process_memory_win.cc(73)] ReadMemory at 0x7ff8c9ed0000 of 64 bytes failed: Only part of a ReadProcessMemory or WriteProcessMemory request was completed. (0x12B)
[1023/124706.103:WARNING:pe_image_reader.cc(340)] could not read dos header from C:\Windows\system32\NSI.dll
[1023/124706.103:ERROR:process_memory_win.cc(73)] ReadMemory at 0x7ff8c41f0000 of 64 bytes failed: Only part of a ReadProcessMemory or WriteProcessMemory request was completed. (0x12B)
[1023/124706.103:WARNING:pe_image_reader.cc(340)] could not read dos header from C:\Windows\SYSTEM32\WINNSI.DLL
[1023/124706.103:ERROR:process_memory_win.cc(73)] ReadMemory at 0x7ff8c41f0000 of 64 bytes failed: Only part of a ReadProcessMemory or WriteProcessMemory request was completed. (0x12B)
[1023/124706.103:WARNING:pe_image_reader.cc(340)] could not read dos header from C:\Windows\SYSTEM32\WINNSI.DLL
[1023/124706.103:ERROR:process_memory_win.cc(73)] ReadMemory at 0x7ff8b37b0000 of 64 bytes failed: Only part of a ReadProcessMemory or WriteProcessMemory request was completed. (0x12B)
[1023/124706.103:WARNING:pe_image_reader.cc(340)] could not read dos header from C:\Windows\SYSTEM32\WINMMBASE.dll
[1023/124706.103:ERROR:process_memory_win.cc(73)] ReadMemory at 0x7ff8b37b0000 of 64 bytes failed: Only part of a ReadProcessMemory or WriteProcessMemory request was completed. (0x12B)
[1023/124706.103:WARNING:pe_image_reader.cc(340)] could not read dos header from C:\Windows\SYSTEM32\WINMMBASE.dll
[1023/124706.103:ERROR:process_memory_win.cc(73)] ReadMemory at 0x7ff8c9f00000 of 64 bytes failed: Only part of a ReadProcessMemory or WriteProcessMemory request was completed. (0x12B)
[1023/124706.103:WARNING:pe_image_reader.cc(340)] could not read dos header from C:\Windows\system32\USER32.dll
[1023/124706.103:ERROR:process_memory_win.cc(73)] ReadMemory at 0x7ff8c9f00000 of 64 bytes failed: Only part of a ReadProcessMemory or WriteProcessMemory request was completed. (0x12B)
[1023/124706.103:WARNING:pe_image_reader.cc(340)] could not read dos header from C:\Windows\system32\USER32.dll
[1023/124706.104:ERROR:process_memory_win.cc(73)] ReadMemory at 0x7ff8c78e0000 of 64 bytes failed: Only part of a ReadProcessMemory or WriteProcessMemory request was completed. (0x12B)
[1023/124706.104:WARNING:pe_image_reader.cc(340)] could not read dos header from C:\Windows\system32\MSASN1.dll
[1023/124706.104:ERROR:process_memory_win.cc(73)] ReadMemory at 0x7ff8c78e0000 of 64 bytes failed: Only part of a ReadProcessMemory or WriteProcessMemory request was completed. (0x12B)
[1023/124706.104:WARNING:pe_image_reader.cc(340)] could not read dos header from C:\Windows\system32\MSASN1.dll
[1023/124706.104:ERROR:process_memory_win.cc(73)] ReadMemory at 0x7ff8c7830000 of 64 bytes failed: Only part of a ReadProcessMemory or WriteProcessMemory request was completed. (0x12B)
[1023/124706.104:WARNING:pe_image_reader.cc(340)] could not read dos header from C:\Windows\SYSTEM32\profapi.dll
[1023/124706.104:ERROR:process_memory_win.cc(73)] ReadMemory at 0x7ff8c7830000 of 64 bytes failed: Only part of a ReadProcessMemory or WriteProcessMemory request was completed. (0x12B)
[1023/124706.104:WARNING:pe_image_reader.cc(340)] could not read dos header from C:\Windows\SYSTEM32\profapi.dll
[1023/124706.104:ERROR:process_memory_win.cc(73)] ReadMemory at 0x7ff8c7ca0000 of 64 bytes failed: Only part of a ReadProcessMemory or WriteProcessMemory request was completed. (0x12B)
[1023/124706.104:WARNING:pe_image_reader.cc(340)] could not read dos header from C:\Windows\SYSTEM32\cfgmgr32.dll
[1023/124706.104:ERROR:process_memory_win.cc(73)] ReadMemory at 0x7ff8c7ca0000 of 64 bytes failed: Only part of a ReadProcessMemory or WriteProcessMemory request was completed. (0x12B)
[1023/124706.104:WARNING:pe_image_reader.cc(340)] could not read dos header from C:\Windows\SYSTEM32\cfgmgr32.dll
[1023/124706.104:ERROR:process_memory_win.cc(73)] ReadMemory at 0x7ff8c66c0000 of 64 bytes failed: Only part of a ReadProcessMemory or WriteProcessMemory request was completed. (0x12B)
[1023/124706.104:WARNING:pe_image_reader.cc(340)] could not read dos header from C:\Windows\SYSTEM32\DEVOBJ.dll
[1023/124706.104:ERROR:process_memory_win.cc(73)] ReadMemory at 0x7ff8c66c0000 of 64 bytes failed: Only part of a ReadProcessMemory or WriteProcessMemory request was completed. (0x12B)
[1023/124706.104:WARNING:pe_image_reader.cc(340)] could not read dos header from C:\Windows\SYSTEM32\DEVOBJ.dll
[1023/124706.104:ERROR:process_memory_win.cc(73)] ReadMemory at 0x7ff8c7670000 of 64 bytes failed: Only part of a ReadProcessMemory or WriteProcessMemory request was completed. (0x12B)
[1023/124706.104:WARNING:pe_image_reader.cc(340)] could not read dos header from C:\Windows\SYSTEM32\SSPICLI.DLL
[1023/124706.105:ERROR:process_memory_win.cc(73)] ReadMemory at 0x7ff8c7670000 of 64 bytes failed: Only part of a ReadProcessMemory or WriteProcessMemory request was completed. (0x12B)
[1023/124706.105:WARNING:pe_image_reader.cc(340)] could not read dos header from C:\Windows\SYSTEM32\SSPICLI.DLL
[1023/124706.105:ERROR:process_memory_win.cc(73)] ReadMemory at 0x7ff8c7d40000 of 64 bytes failed: Only part of a ReadProcessMemory or WriteProcessMemory request was completed. (0x12B)
[1023/124706.105:WARNING:pe_image_reader.cc(340)] could not read dos header from C:\Windows\system32\IMM32.DLL
[1023/124706.105:ERROR:process_memory_win.cc(73)] ReadMemory at 0x7ff8c7d40000 of 64 bytes failed: Only part of a ReadProcessMemory or WriteProcessMemory request was completed. (0x12B)
[1023/124706.105:WARNING:pe_image_reader.cc(340)] could not read dos header from C:\Windows\system32\IMM32.DLL
[1023/124706.105:ERROR:process_memory_win.cc(73)] ReadMemory at 0x7ff8c9950000 of 64 bytes failed: Only part of a ReadProcessMemory or WriteProcessMemory request was completed. (0x12B)
[1023/124706.105:WARNING:pe_image_reader.cc(340)] could not read dos header from C:\Windows\system32\MSCTF.dll
[1023/124706.105:ERROR:process_memory_win.cc(73)] ReadMemory at 0x7ff8c9950000 of 64 bytes failed: Only part of a ReadProcessMemory or WriteProcessMemory request was completed. (0x12B)
[1023/124706.105:WARNING:pe_image_reader.cc(340)] could not read dos header from C:\Windows\system32\MSCTF.dll
[1023/124706.105:ERROR:process_memory_win.cc(73)] ReadMemory at 0x7ff8c7700000 of 64 bytes failed: Only part of a ReadProcessMemory or WriteProcessMemory request was completed. (0x12B)
[1023/124706.106:WARNING:pe_image_reader.cc(340)] could not read dos header from C:\Windows\SYSTEM32\CRYPTBASE.DLL
[1023/124706.106:ERROR:process_memory_win.cc(73)] ReadMemory at 0x7ff8c7700000 of 64 bytes failed: Only part of a ReadProcessMemory or WriteProcessMemory request was completed. (0x12B)
[1023/124706.106:WARNING:pe_image_reader.cc(340)] could not read dos header from C:\Windows\SYSTEM32\CRYPTBASE.DLL
[1023/124706.106:ERROR:process_memory_win.cc(73)] ReadMemory at 0x7ff8c76a0000 of 64 bytes failed: Only part of a ReadProcessMemory or WriteProcessMemory request was completed. (0x12B)
[1023/124706.106:WARNING:pe_image_reader.cc(340)] could not read dos header from C:\Windows\SYSTEM32\bcryptPrimitives.dll
[1023/124706.106:ERROR:process_memory_win.cc(73)] ReadMemory at 0x7ff8c76a0000 of 64 bytes failed: Only part of a ReadProcessMemory or WriteProcessMemory request was completed. (0x12B)
[1023/124706.106:WARNING:pe_image_reader.cc(340)] could not read dos header from C:\Windows\SYSTEM32\bcryptPrimitives.dll
[1023/124719.617:ERROR:process_memory_win.cc(73)] ReadMemory at 0x7ff70c1e0000 of 64 bytes failed: Only part of a ReadProcessMemory or WriteProcessMemory request was completed. (0x12B)
[1023/124719.617:WARNING:pe_image_reader.cc(340)] could not read dos header from C:\Program Files (x86)\Google\Chrome\Application\chrome.exe
[1023/124719.617:ERROR:process_memory_win.cc(73)] ReadMemory at 0x7ff8ca4b0000 of 64 bytes failed: Only part of a ReadProcessMemory or WriteProcessMemory request was completed. (0x12B)
[1023/124719.617:WARNING:pe_image_reader.cc(340)] could not read dos header from C:\Windows\SYSTEM32\ntdll.dll
[1023/124719.618:ERROR:process_memory_win.cc(73)] ReadMemory at 0x7ff8c9cd0000 of 64 bytes failed: Only part of a ReadProcessMemory or WriteProcessMemory request was completed. (0x12B)
[1023/124719.618:WARNING:pe_image_reader.cc(340)] could not read dos header from C:\Windows\system32\KERNEL32.DLL
[1023/124719.618:ERROR:process_memory_win.cc(73)] ReadMemory at 0x7ff8c7b90000 of 64 bytes failed: Only part of a ReadProcessMemory or WriteProcessMemory request was completed. (0x12B)
[1023/124719.618:WARNING:pe_image_reader.cc(340)] could not read dos header from C:\Windows\system32\KERNELBASE.dll
[1023/124719.619:ERROR:process_memory_win.cc(73)] ReadMemory at 0x7ff8a5f70000 of 64 bytes failed: Only part of a ReadProcessMemory or WriteProcessMemory request was completed. (0x12B)
[1023/124719.619:WARNING:pe_image_reader.cc(340)] could not read dos header from C:\Program Files (x86)\Google\Chrome\Application\77.0.3865.120\chrome_elf.dll
[1023/124719.619:ERROR:process_memory_win.cc(73)] ReadMemory at 0x7ff8bf910000 of 64 bytes failed: Only part of a ReadProcessMemory or WriteProcessMemory request was completed. (0x12B)
[1023/124719.619:WARNING:pe_image_reader.cc(340)] could not read dos header from C:\Windows\SYSTEM32\VERSION.dll
[1023/124719.619:ERROR:process_memory_win.cc(73)] ReadMemory at 0x7ff8c9610000 of 64 bytes failed: Only part of a ReadProcessMemory or WriteProcessMemory request was completed. (0x12B)
[1023/124719.619:WARNING:pe_image_reader.cc(340)] could not read dos header from C:\Windows\system32\msvcrt.dll
[1023/124719.619:ERROR:process_memory_win.cc(73)] ReadMemory at 0x7ff8c98a0000 of 64 bytes failed: Only part of a ReadProcessMemory or WriteProcessMemory request was completed. (0x12B)
[1023/124719.619:WARNING:pe_image_reader.cc(340)] could not read dos header from C:\Windows\system32\ADVAPI32.dll
[1023/124719.619:ERROR:process_memory_win.cc(73)] ReadMemory at 0x7ff8c7e30000 of 64 bytes failed: Only part of a ReadProcessMemory or WriteProcessMemory request was completed. (0x12B)
[1023/124719.620:WARNING:pe_image_reader.cc(340)] could not read dos header from C:\Windows\SYSTEM32\sechost.dll
[1023/124719.620:ERROR:process_memory_win.cc(73)] ReadMemory at 0x7ff8ca080000 of 64 bytes failed: Only part of a ReadProcessMemory or WriteProcessMemory request was completed. (0x12B)
[1023/124719.620:WARNING:pe_image_reader.cc(340)] could not read dos header from C:\Windows\system32\RPCRT4.dll
[1023/124719.620:ERROR:process_memory_win.cc(73)] ReadMemory at 0x7ff8922b0000 of 64 bytes failed: Only part of a ReadProcessMemory or WriteProcessMemory request was completed. (0x12B)
[1023/124719.620:WARNING:pe_image_reader.cc(340)] could not read dos header from C:\Program Files (x86)\Google\Chrome\Application\77.0.3865.120\chrome_child.dll
[1023/124719.624:ERROR:process_memory_win.cc(73)] ReadMemory at 0x80911c0000 of 64 bytes failed: Only part of a ReadProcessMemory or WriteProcessMemory request was completed. (0x12B)
[1023/124719.624:WARNING:pe_image_reader.cc(340)] could not read dos header from C:\Windows\system32\OLEAUT32.dll
[1023/124719.624:ERROR:process_memory_win.cc(73)] ReadMemory at 0x7ff8c96c0000 of 64 bytes failed: Only part of a ReadProcessMemory or WriteProcessMemory request was completed. (0x12B)
[1023/124719.624:WARNING:pe_image_reader.cc(340)] could not read dos header from C:\Windows\system32\WS2_32.dll
[1023/124719.625:ERROR:process_memory_win.cc(73)] ReadMemory at 0x7ff8c4250000 of 64 bytes failed: Only part of a ReadProcessMemory or WriteProcessMemory request was completed. (0x12B)
[1023/124719.625:WARNING:pe_image_reader.cc(340)] could not read dos header from C:\Windows\SYSTEM32\IPHLPAPI.DLL
[1023/124719.625:ERROR:process_memory_win.cc(73)] ReadMemory at 0x7ff8b4860000 of 64 bytes failed: Only part of a ReadProcessMemory or WriteProcessMemory request was completed. (0x12B)
[1023/124719.625:WARNING:pe_image_reader.cc(340)] could not read dos header from C:\Windows\SYSTEM32\WINMM.dll
[1023/124719.625:ERROR:process_memory_win.cc(73)] ReadMemory at 0x7ff8ca360000 of 64 bytes failed: Only part of a ReadProcessMemory or WriteProcessMemory request was completed. (0x12B)
[1023/124719.625:WARNING:pe_image_reader.cc(340)] could not read dos header from C:\Windows\system32\GDI32.dll
[1023/124719.625:ERROR:process_memory_win.cc(73)] ReadMemory at 0x7ff8c7cf0000 of 64 bytes failed: Only part of a ReadProcessMemory or WriteProcessMemory request was completed. (0x12B)
[1023/124719.625:WARNING:pe_image_reader.cc(340)] could not read dos header from C:\Windows\system32\WINTRUST.dll
[1023/124719.625:ERROR:process_memory_win.cc(73)] ReadMemory at 0x7ff8c79b0000 of 64 bytes failed: Only part of a ReadProcessMemory or WriteProcessMemory request was completed. (0x12B)
[1023/124719.625:WARNING:pe_image_reader.cc(340)] could not read dos header from C:\Windows\system32\CRYPT32.dll
[1023/124719.625:ERROR:process_memory_win.cc(73)] ReadMemory at 0x7ff8c6e00000 of 64 bytes failed: Only part of a ReadProcessMemory or WriteProcessMemory request was completed. (0x12B)
[1023/124719.625:WARNING:pe_image_reader.cc(340)] could not read dos header from C:\Windows\SYSTEM32\USERENV.dll
[1023/124719.625:ERROR:process_memory_win.cc(73)] ReadMemory at 0x7ff8c3a80000 of 64 bytes failed: Only part of a ReadProcessMemory or WriteProcessMemory request was completed. (0x12B)
[1023/124719.626:WARNING:pe_image_reader.cc(340)] could not read dos header from C:\Windows\SYSTEM32\DWrite.dll
[1023/124719.626:ERROR:process_memory_win.cc(73)] ReadMemory at 0x7ff8b8a00000 of 64 bytes failed: Only part of a ReadProcessMemory or WriteProcessMemory request was completed. (0x12B)
[1023/124719.626:WARNING:pe_image_reader.cc(340)] could not read dos header from C:\Windows\SYSTEM32\WINSPOOL.DRV
[1023/124719.626:ERROR:process_memory_win.cc(73)] ReadMemory at 0x7ff8b43f0000 of 64 bytes failed: Only part of a ReadProcessMemory or WriteProcessMemory request was completed. (0x12B)
[1023/124719.626:WARNING:pe_image_reader.cc(340)] could not read dos header from C:\Windows\SYSTEM32\dbghelp.dll
[1023/124719.626:ERROR:process_memory_win.cc(73)] ReadMemory at 0x7ff8bb3f0000 of 64 bytes failed: Only part of a ReadProcessMemory or WriteProcessMemory request was completed. (0x12B)
[1023/124719.626:WARNING:pe_image_reader.cc(340)] could not read dos header from C:\Windows\SYSTEM32\WINHTTP.dll
[1023/124719.626:ERROR:process_memory_win.cc(73)] ReadMemory at 0x7ff8c0d10000 of 64 bytes failed: Only part of a ReadProcessMemory or WriteProcessMemory request was completed. (0x12B)
[1023/124719.626:WARNING:pe_image_reader.cc(340)] could not read dos header from C:\Windows\SYSTEM32\Secur32.dll
[1023/124719.626:ERROR:process_memory_win.cc(73)] ReadMemory at 0x7ff8c3d10000 of 64 bytes failed: Only part of a ReadProcessMemory or WriteProcessMemory request was completed. (0x12B)
[1023/124719.626:WARNING:pe_image_reader.cc(340)] could not read dos header from C:\Windows\SYSTEM32\dhcpcsvc.DLL
[1023/124719.626:ERROR:process_memory_win.cc(73)] ReadMemory at 0x7ff8c7e90000 of 64 bytes failed: Only part of a ReadProcessMemory or WriteProcessMemory request was completed. (0x12B)
[1023/124719.626:WARNING:pe_image_reader.cc(340)] could not read dos header from C:\Windows\system32\combase.dll
[1023/124719.626:ERROR:process_memory_win.cc(73)] ReadMemory at 0x7ff8c9ed0000 of 64 bytes failed: Only part of a ReadProcessMemory or WriteProcessMemory request was completed. (0x12B)
[1023/124719.626:WARNING:pe_image_reader.cc(340)] could not read dos header from C:\Windows\system32\NSI.dll
[1023/124719.626:ERROR:process_memory_win.cc(73)] ReadMemory at 0x7ff8c41f0000 of 64 bytes failed: Only part of a ReadProcessMemory or WriteProcessMemory request was completed. (0x12B)
[1023/124719.627:WARNING:pe_image_reader.cc(340)] could not read dos header from C:\Windows\SYSTEM32\WINNSI.DLL
[1023/124719.627:ERROR:process_memory_win.cc(73)] ReadMemory at 0x7ff8b37b0000 of 64 bytes failed: Only part of a ReadProcessMemory or WriteProcessMemory request was completed. (0x12B)
[1023/124719.627:WARNING:pe_image_reader.cc(340)] could not read dos header from C:\Windows\SYSTEM32\WINMMBASE.dll
[1023/124719.627:ERROR:process_memory_win.cc(73)] ReadMemory at 0x7ff8c9f00000 of 64 bytes failed: Only part of a ReadProcessMemory or WriteProcessMemory request was completed. (0x12B)
[1023/124719.627:WARNING:pe_image_reader.cc(340)] could not read dos header from C:\Windows\system32\USER32.dll
[1023/124719.627:ERROR:process_memory_win.cc(73)] ReadMemory at 0x7ff8c78e0000 of 64 bytes failed: Only part of a ReadProcessMemory or WriteProcessMemory request was completed. (0x12B)
[1023/124719.627:WARNING:pe_image_reader.cc(340)] could not read dos header from C:\Windows\system32\MSASN1.dll
[1023/124719.627:ERROR:process_memory_win.cc(73)] ReadMemory at 0x7ff8c7830000 of 64 bytes failed: Only part of a ReadProcessMemory or WriteProcessMemory request was completed. (0x12B)
[1023/124719.627:WARNING:pe_image_reader.cc(340)] could not read dos header from C:\Windows\SYSTEM32\profapi.dll
[1023/124719.627:ERROR:process_memory_win.cc(73)] ReadMemory at 0x7ff8c7ca0000 of 64 bytes failed: Only part of a ReadProcessMemory or WriteProcessMemory request was completed. (0x12B)
[1023/124719.627:WARNING:pe_image_reader.cc(340)] could not read dos header from C:\Windows\SYSTEM32\cfgmgr32.dll
[1023/124719.627:ERROR:process_memory_win.cc(73)] ReadMemory at 0x7ff8c66c0000 of 64 bytes failed: Only part of a ReadProcessMemory or WriteProcessMemory request was completed. (0x12B)
[1023/124719.627:WARNING:pe_image_reader.cc(340)] could not read dos header from C:\Windows\SYSTEM32\DEVOBJ.dll
[1023/124719.627:ERROR:process_memory_win.cc(73)] ReadMemory at 0x7ff8c7670000 of 64 bytes failed: Only part of a ReadProcessMemory or WriteProcessMemory request was completed. (0x12B)
[1023/124719.627:WARNING:pe_image_reader.cc(340)] could not read dos header from C:\Windows\SYSTEM32\SSPICLI.DLL
[1023/124719.627:ERROR:process_memory_win.cc(73)] ReadMemory at 0x7ff8c7d40000 of 64 bytes failed: Only part of a ReadProcessMemory or WriteProcessMemory request was completed. (0x12B)
[1023/124719.628:WARNING:pe_image_reader.cc(340)] could not read dos header from C:\Windows\system32\IMM32.DLL
[1023/124719.628:ERROR:process_memory_win.cc(73)] ReadMemory at 0x7ff8c9950000 of 64 bytes failed: Only part of a ReadProcessMemory or WriteProcessMemory request was completed. (0x12B)
[1023/124719.628:WARNING:pe_image_reader.cc(340)] could not read dos header from C:\Windows\system32\MSCTF.dll
[1023/124719.628:ERROR:process_memory_win.cc(73)] ReadMemory at 0x7ff8c7700000 of 64 bytes failed: Only part of a ReadProcessMemory or WriteProcessMemory request was completed. (0x12B)
[1023/124719.628:WARNING:pe_image_reader.cc(340)] could not read dos header from C:\Windows\SYSTEM32\CRYPTBASE.DLL
[1023/124719.628:ERROR:process_memory_win.cc(73)] ReadMemory at 0x7ff8c76a0000 of 64 bytes failed: Only part of a ReadProcessMemory or WriteProcessMemory request was completed. (0x12B)
[1023/124719.628:WARNING:pe_image_reader.cc(340)] could not read dos header from C:\Windows\SYSTEM32\bcryptPrimitives.dll
[1023/124719.628:ERROR:process_memory_win.cc(73)] ReadMemory at 0x7ff70c1e0000 of 64 bytes failed: Only part of a ReadProcessMemory or WriteProcessMemory request was completed. (0x12B)
[1023/124719.628:WARNING:pe_image_reader.cc(340)] could not read dos header from C:\Program Files (x86)\Google\Chrome\Application\chrome.exe
[1023/124719.628:ERROR:process_memory_win.cc(73)] ReadMemory at 0x7ff8ca4b0000 of 64 bytes failed: Only part of a ReadProcessMemory or WriteProcessMemory request was completed. (0x12B)
[1023/124719.629:WARNING:pe_image_reader.cc(340)] could not read dos header from C:\Windows\SYSTEM32\ntdll.dll
[1023/124719.629:ERROR:process_memory_win.cc(73)] ReadMemory at 0x7ff8c9cd0000 of 64 bytes failed: Only part of a ReadProcessMemory or WriteProcessMemory request was completed. (0x12B)
[1023/124719.629:WARNING:pe_image_reader.cc(340)] could not read dos header from C:\Windows\system32\KERNEL32.DLL
[1023/124719.629:ERROR:process_memory_win.cc(73)] ReadMemory at 0x7ff8c7b90000 of 64 bytes failed: Only part of a ReadProcessMemory or WriteProcessMemory request was completed. (0x12B)
[1023/124719.629:WARNING:pe_image_reader.cc(340)] could not read dos header from C:\Windows\system32\KERNELBASE.dll
[1023/124719.629:ERROR:process_memory_win.cc(73)] ReadMemory at 0x7ff8a5f70000 of 64 bytes failed: Only part of a ReadProcessMemory or WriteProcessMemory request was completed. (0x12B)
[1023/124719.629:WARNING:pe_image_reader.cc(340)] could not read dos header from C:\Program Files (x86)\Google\Chrome\Application\77.0.3865.120\chrome_elf.dll
[1023/124719.629:ERROR:process_memory_win.cc(73)] ReadMemory at 0x7ff8bf910000 of 64 bytes failed: Only part of a ReadProcessMemory or WriteProcessMemory request was completed. (0x12B)
[1023/124719.629:WARNING:pe_image_reader.cc(340)] could not read dos header from C:\Windows\SYSTEM32\VERSION.dll
[1023/124719.629:ERROR:process_memory_win.cc(73)] ReadMemory at 0x7ff8c9610000 of 64 bytes failed: Only part of a ReadProcessMemory or WriteProcessMemory request was completed. (0x12B)
[1023/124719.629:WARNING:pe_image_reader.cc(340)] could not read dos header from C:\Windows\system32\msvcrt.dll
[1023/124719.629:ERROR:process_memory_win.cc(73)] ReadMemory at 0x7ff8c98a0000 of 64 bytes failed: Only part of a ReadProcessMemory or WriteProcessMemory request was completed. (0x12B)
[1023/124719.629:WARNING:pe_image_reader.cc(340)] could not read dos header from C:\Windows\system32\ADVAPI32.dll
[1023/124719.629:ERROR:process_memory_win.cc(73)] ReadMemory at 0x7ff8c7e30000 of 64 bytes failed: Only part of a ReadProcessMemory or WriteProcessMemory request was completed. (0x12B)
[1023/124719.629:WARNING:pe_image_reader.cc(340)] could not read dos header from C:\Windows\SYSTEM32\sechost.dll
[1023/124719.630:ERROR:process_memory_win.cc(73)] ReadMemory at 0x7ff8ca080000 of 64 bytes failed: Only part of a ReadProcessMemory or WriteProcessMemory request was completed. (0x12B)
[1023/124719.630:WARNING:pe_image_reader.cc(340)] could not read dos header from C:\Windows\system32\RPCRT4.dll
[1023/124719.630:ERROR:process_memory_win.cc(73)] ReadMemory at 0x7ff8922b0000 of 64 bytes failed: Only part of a ReadProcessMemory or WriteProcessMemory request was completed. (0x12B)
[1023/124719.630:WARNING:pe_image_reader.cc(340)] could not read dos header from C:\Program Files (x86)\Google\Chrome\Application\77.0.3865.120\chrome_child.dll
[1023/124719.630:ERROR:process_memory_win.cc(73)] ReadMemory at 0x80911c0000 of 64 bytes failed: Only part of a ReadProcessMemory or WriteProcessMemory request was completed. (0x12B)
[1023/124719.630:WARNING:pe_image_reader.cc(340)] could not read dos header from C:\Windows\system32\OLEAUT32.dll
[1023/124719.630:ERROR:process_memory_win.cc(73)] ReadMemory at 0x7ff8c96c0000 of 64 bytes failed: Only part of a ReadProcessMemory or WriteProcessMemory request was completed. (0x12B)
[1023/124719.630:WARNING:pe_image_reader.cc(340)] could not read dos header from C:\Windows\system32\WS2_32.dll
[1023/124719.630:ERROR:process_memory_win.cc(73)] ReadMemory at 0x7ff8c4250000 of 64 bytes failed: Only part of a ReadProcessMemory or WriteProcessMemory request was completed. (0x12B)
[1023/124719.630:WARNING:pe_image_reader.cc(340)] could not read dos header from C:\Windows\SYSTEM32\IPHLPAPI.DLL
[1023/124719.630:ERROR:process_memory_win.cc(73)] ReadMemory at 0x7ff8b4860000 of 64 bytes failed: Only part of a ReadProcessMemory or WriteProcessMemory request was completed. (0x12B)
[1023/124719.630:WARNING:pe_image_reader.cc(340)] could not read dos header from C:\Windows\SYSTEM32\WINMM.dll
[1023/124719.630:ERROR:process_memory_win.cc(73)] ReadMemory at 0x7ff8ca360000 of 64 bytes failed: Only part of a ReadProcessMemory or WriteProcessMemory request was completed. (0x12B)
[1023/124719.630:WARNING:pe_image_reader.cc(340)] could not read dos header from C:\Windows\system32\GDI32.dll
[1023/124719.631:ERROR:process_memory_win.cc(73)] ReadMemory at 0x7ff8c7cf0000 of 64 bytes failed: Only part of a ReadProcessMemory or WriteProcessMemory request was completed. (0x12B)
[1023/124719.631:WARNING:pe_image_reader.cc(340)] could not read dos header from C:\Windows\system32\WINTRUST.dll
[1023/124719.631:ERROR:process_memory_win.cc(73)] ReadMemory at 0x7ff8c79b0000 of 64 bytes failed: Only part of a ReadProcessMemory or WriteProcessMemory request was completed. (0x12B)
[1023/124719.631:WARNING:pe_image_reader.cc(340)] could not read dos header from C:\Windows\system32\CRYPT32.dll
[1023/124719.631:ERROR:process_memory_win.cc(73)] ReadMemory at 0x7ff8c6e00000 of 64 bytes failed: Only part of a ReadProcessMemory or WriteProcessMemory request was completed. (0x12B)
[1023/124719.631:WARNING:pe_image_reader.cc(340)] could not read dos header from C:\Windows\SYSTEM32\USERENV.dll
[1023/124719.631:ERROR:process_memory_win.cc(73)] ReadMemory at 0x7ff8c3a80000 of 64 bytes failed: Only part of a ReadProcessMemory or WriteProcessMemory request was completed. (0x12B)
[1023/124719.631:WARNING:pe_image_reader.cc(340)] could not read dos header from C:\Windows\SYSTEM32\DWrite.dll
[1023/124719.631:ERROR:process_memory_win.cc(73)] ReadMemory at 0x7ff8b8a00000 of 64 bytes failed: Only part of a ReadProcessMemory or WriteProcessMemory request was completed. (0x12B)
[1023/124719.631:WARNING:pe_image_reader.cc(340)] could not read dos header from C:\Windows\SYSTEM32\WINSPOOL.DRV
[1023/124719.631:ERROR:process_memory_win.cc(73)] ReadMemory at 0x7ff8b43f0000 of 64 bytes failed: Only part of a ReadProcessMemory or WriteProcessMemory request was completed. (0x12B)
[1023/124719.631:WARNING:pe_image_reader.cc(340)] could not read dos header from C:\Windows\SYSTEM32\dbghelp.dll
[1023/124719.631:ERROR:process_memory_win.cc(73)] ReadMemory at 0x7ff8bb3f0000 of 64 bytes failed: Only part of a ReadProcessMemory or WriteProcessMemory request was completed. (0x12B)
[1023/124719.631:WARNING:pe_image_reader.cc(340)] could not read dos header from C:\Windows\SYSTEM32\WINHTTP.dll
[1023/124719.631:ERROR:process_memory_win.cc(73)] ReadMemory at 0x7ff8c0d10000 of 64 bytes failed: Only part of a ReadProcessMemory or WriteProcessMemory request was completed. (0x12B)
[1023/124719.631:WARNING:pe_image_reader.cc(340)] could not read dos header from C:\Windows\SYSTEM32\Secur32.dll
[1023/124719.631:ERROR:process_memory_win.cc(73)] ReadMemory at 0x7ff8c3d10000 of 64 bytes failed: Only part of a ReadProcessMemory or WriteProcessMemory request was completed. (0x12B)
[1023/124719.631:WARNING:pe_image_reader.cc(340)] could not read dos header from C:\Windows\SYSTEM32\dhcpcsvc.DLL
[1023/124719.631:ERROR:process_memory_win.cc(73)] ReadMemory at 0x7ff8c7e90000 of 64 bytes failed: Only part of a ReadProcessMemory or WriteProcessMemory request was completed. (0x12B)
[1023/124719.631:WARNING:pe_image_reader.cc(340)] could not read dos header from C:\Windows\system32\combase.dll
[1023/124719.631:ERROR:process_memory_win.cc(73)] ReadMemory at 0x7ff8c9ed0000 of 64 bytes failed: Only part of a ReadProcessMemory or WriteProcessMemory request was completed. (0x12B)
[1023/124719.631:WARNING:pe_image_reader.cc(340)] could not read dos header from C:\Windows\system32\NSI.dll
[1023/124719.631:ERROR:process_memory_win.cc(73)] ReadMemory at 0x7ff8c41f0000 of 64 bytes failed: Only part of a ReadProcessMemory or WriteProcessMemory request was completed. (0x12B)
[1023/124719.631:WARNING:pe_image_reader.cc(340)] could not read dos header from C:\Windows\SYSTEM32\WINNSI.DLL
[1023/124719.631:ERROR:process_memory_win.cc(73)] ReadMemory at 0x7ff8b37b0000 of 64 bytes failed: Only part of a ReadProcessMemory or WriteProcessMemory request was completed. (0x12B)
[1023/124719.631:WARNING:pe_image_reader.cc(340)] could not read dos header from C:\Windows\SYSTEM32\WINMMBASE.dll
[1023/124719.631:ERROR:process_memory_win.cc(73)] ReadMemory at 0x7ff8c9f00000 of 64 bytes failed: Only part of a ReadProcessMemory or WriteProcessMemory request was completed. (0x12B)
[1023/124719.631:WARNING:pe_image_reader.cc(340)] could not read dos header from C:\Windows\system32\USER32.dll
[1023/124719.631:ERROR:process_memory_win.cc(73)] ReadMemory at 0x7ff8c78e0000 of 64 bytes failed: Only part of a ReadProcessMemory or WriteProcessMemory request was completed. (0x12B)
[1023/124719.631:WARNING:pe_image_reader.cc(340)] could not read dos header from C:\Windows\system32\MSASN1.dll
[1023/124719.632:ERROR:process_memory_win.cc(73)] ReadMemory at 0x7ff8c7830000 of 64 bytes failed: Only part of a ReadProcessMemory or WriteProcessMemory request was completed. (0x12B)
[1023/124719.632:WARNING:pe_image_reader.cc(340)] could not read dos header from C:\Windows\SYSTEM32\profapi.dll
[1023/124719.632:ERROR:process_memory_win.cc(73)] ReadMemory at 0x7ff8c7ca0000 of 64 bytes failed: Only part of a ReadProcessMemory or WriteProcessMemory request was completed. (0x12B)
[1023/124719.632:WARNING:pe_image_reader.cc(340)] could not read dos header from C:\Windows\SYSTEM32\cfgmgr32.dll
[1023/124719.632:ERROR:process_memory_win.cc(73)] ReadMemory at 0x7ff8c66c0000 of 64 bytes failed: Only part of a ReadProcessMemory or WriteProcessMemory request was completed. (0x12B)
[1023/124719.632:WARNING:pe_image_reader.cc(340)] could not read dos header from C:\Windows\SYSTEM32\DEVOBJ.dll
[1023/124719.632:ERROR:process_memory_win.cc(73)] ReadMemory at 0x7ff8c7670000 of 64 bytes failed: Only part of a ReadProcessMemory or WriteProcessMemory request was completed. (0x12B)
[1023/124719.632:WARNING:pe_image_reader.cc(340)] could not read dos header from C:\Windows\SYSTEM32\SSPICLI.DLL
[1023/124719.632:ERROR:process_memory_win.cc(73)] ReadMemory at 0x7ff8c7d40000 of 64 bytes failed: Only part of a ReadProcessMemory or WriteProcessMemory request was completed. (0x12B)
[1023/124719.632:WARNING:pe_image_reader.cc(340)] could not read dos header from C:\Windows\system32\IMM32.DLL
[1023/124719.632:ERROR:process_memory_win.cc(73)] ReadMemory at 0x7ff8c9950000 of 64 bytes failed: Only part of a ReadProcessMemory or WriteProcessMemory request was completed. (0x12B)
[1023/124719.632:WARNING:pe_image_reader.cc(340)] could not read dos header from C:\Windows\system32\MSCTF.dll
[1023/124719.632:ERROR:process_memory_win.cc(73)] ReadMemory at 0x7ff8c7700000 of 64 bytes failed: Only part of a ReadProcessMemory or WriteProcessMemory request was completed. (0x12B)
[1023/124719.632:WARNING:pe_image_reader.cc(340)] could not read dos header from C:\Windows\SYSTEM32\CRYPTBASE.DLL
[1023/124719.632:ERROR:process_memory_win.cc(73)] ReadMemory at 0x7ff8c76a0000 of 64 bytes failed: Only part of a ReadProcessMemory or WriteProcessMemory request was completed. (0x12B)
[1023/124719.632:WARNING:pe_image_reader.cc(340)] could not read dos header from C:\Windows\SYSTEM32\bcryptPrimitives.dll
[1023/124719.641:ERROR:process_memory_win.cc(73)] ReadMemory at 0x8090e7b000 of 86016 bytes failed: Only part of a ReadProcessMemory or WriteProcessMemory request was completed. (0x12B)
[1023/124719.642:ERROR:process_memory_win.cc(73)] ReadMemory at 0x809394d000 of 12288 bytes failed: Only part of a ReadProcessMemory or WriteProcessMemory request was completed. (0x12B)
[1023/124719.642:ERROR:process_memory_win.cc(73)] ReadMemory at 0x809494d000 of 12288 bytes failed: Only part of a ReadProcessMemory or WriteProcessMemory request was completed. (0x12B)
[1023/124719.642:ERROR:process_memory_win.cc(73)] ReadMemory at 0x809514c000 of 16384 bytes failed: Only part of a ReadProcessMemory or WriteProcessMemory request was completed. (0x12B)
[1023/124719.643:ERROR:process_memory_win.cc(73)] ReadMemory at 0x809594e000 of 8192 bytes failed: Only part of a ReadProcessMemory or WriteProcessMemory request was completed. (0x12B)
[1023/124719.643:ERROR:process_memory_win.cc(73)] ReadMemory at 0x809614c000 of 16384 bytes failed: Only part of a ReadProcessMemory or WriteProcessMemory request was completed. (0x12B)
[1023/124719.643:ERROR:process_memory_win.cc(73)] ReadMemory at 0x8096b4b000 of 20480 bytes failed: Only part of a ReadProcessMemory or WriteProcessMemory request was completed. (0x12B)
[1023/124719.643:ERROR:process_memory_win.cc(73)] ReadMemory at 0x809734a000 of 24576 bytes failed: Only part of a ReadProcessMemory or WriteProcessMemory request was completed. (0x12B)
[1023/124719.644:ERROR:process_memory_win.cc(73)] ReadMemory at 0x8097b4a000 of 24576 bytes failed: Only part of a ReadProcessMemory or WriteProcessMemory request was completed. (0x12B)
[1023/124719.644:ERROR:process_memory_win.cc(73)] ReadMemory at 0x809834d000 of 12288 bytes failed: Only part of a ReadProcessMemory or WriteProcessMemory request was completed. (0x12B)
[1023/124719.644:ERROR:process_memory_win.cc(73)] ReadMemory at 0x809414d000 of 12288 bytes failed: Only part of a ReadProcessMemory or WriteProcessMemory request was completed. (0x12B)
[1023/124719.644:ERROR:process_memory_win.cc(73)] ReadMemory at 0x809af1d000 of 12288 bytes failed: Only part of a ReadProcessMemory or WriteProcessMemory request was completed. (0x12B)
[1023/124719.644:ERROR:process_memory_win.cc(73)] ReadMemory at 0x809b71e000 of 8192 bytes failed: Only part of a ReadProcessMemory or WriteProcessMemory request was completed. (0x12B)
[1023/124719.645:ERROR:process_memory_win.cc(73)] ReadMemory at 0x8091050000 of 384 bytes failed: Only part of a ReadProcessMemory or WriteProcessMemory request was completed. (0x12B)
[1023/124719.645:ERROR:process_memory_win.cc(73)] ReadMemory at 0x8091050294 of 528 bytes failed: Only part of a ReadProcessMemory or WriteProcessMemory request was completed. (0x12B)
[1023/124719.645:ERROR:process_memory_win.cc(73)] ReadMemory at 0x8091050c40 of 608 bytes failed: Only part of a ReadProcessMemory or WriteProcessMemory request was completed. (0x12B)
[1023/124719.645:ERROR:process_memory_win.cc(73)] ReadMemory at 0x8091054f00 of 512 bytes failed: Only part of a ReadProcessMemory or WriteProcessMemory request was completed. (0x12B)
[1023/124719.645:ERROR:process_memory_win.cc(73)] ReadMemory at 0x80910552c0 of 512 bytes failed: Only part of a ReadProcessMemory or WriteProcessMemory request was completed. (0x12B)
[1023/124719.645:ERROR:process_memory_win.cc(73)] ReadMemory at 0x80910c0860 of 5512 bytes failed: Only part of a ReadProcessMemory or WriteProcessMemory request was completed. (0x12B)
[1023/124719.645:ERROR:process_memory_win.cc(73)] ReadMemory at 0x80910c1df0 of 1012 bytes failed: Only part of a ReadProcessMemory or WriteProcessMemory request was completed. (0x12B)
[1023/124719.645:ERROR:process_memory_win.cc(73)] ReadMemory at 0x80910c2408 of 118 bytes failed: Only part of a ReadProcessMemory or WriteProcessMemory request was completed. (0x12B)
[1023/124719.645:ERROR:process_memory_win.cc(73)] ReadMemory at 0x80910c2480 of 898 bytes failed: Only part of a ReadProcessMemory or WriteProcessMemory request was completed. (0x12B)
[1023/124719.645:ERROR:process_memory_win.cc(73)] ReadMemory at 0x80910c2804 of 118 bytes failed: Only part of a ReadProcessMemory or WriteProcessMemory request was completed. (0x12B)
[1023/124719.645:ERROR:process_memory_win.cc(73)] ReadMemory at 0x80910c287c of 94 bytes failed: Only part of a ReadProcessMemory or WriteProcessMemory request was completed. (0x12B)
[1023/124719.646:ERROR:process_memory_win.cc(73)] ReadMemory at 0x80910c28f0 of 58 bytes failed: Only part of a ReadProcessMemory or WriteProcessMemory request was completed. (0x12B)
[1023/124719.646:ERROR:process_memory_win.cc(73)] ReadMemory at 0x80910c29f0 of 132 bytes failed: Only part of a ReadProcessMemory or WriteProcessMemory request was completed. (0x12B)
[1023/124719.646:ERROR:process_memory_win.cc(73)] ReadMemory at 0x80910c2b70 of 132 bytes failed: Only part of a ReadProcessMemory or WriteProcessMemory request was completed. (0x12B)
[1023/124719.646:ERROR:process_memory_win.cc(73)] ReadMemory at 0x80910c2d80 of 126 bytes failed: Only part of a ReadProcessMemory or WriteProcessMemory request was completed. (0x12B)
[1023/124719.646:ERROR:process_memory_win.cc(73)] ReadMemory at 0x80910c3070 of 64 bytes failed: Only part of a ReadProcessMemory or WriteProcessMemory request was completed. (0x12B)
[1023/124719.646:ERROR:process_memory_win.cc(73)] ReadMemory at 0x80910c30c0 of 132 bytes failed: Only part of a ReadProcessMemory or WriteProcessMemory request was completed. (0x12B)
[1023/124719.646:ERROR:process_memory_win.cc(73)] ReadMemory at 0x80910c3380 of 154 bytes failed: Only part of a ReadProcessMemory or WriteProcessMemory request was completed. (0x12B)
[1023/124719.646:ERROR:process_memory_win.cc(73)] ReadMemory at 0x80910c3430 of 68 bytes failed: Only part of a ReadProcessMemory or WriteProcessMemory request was completed. (0x12B)
[1023/124719.646:ERROR:process_memory_win.cc(73)] ReadMemory at 0x80910c3480 of 132 bytes failed: Only part of a ReadProcessMemory or WriteProcessMemory request was completed. (0x12B)
[1023/124719.646:ERROR:process_memory_win.cc(73)] ReadMemory at 0x80910c4220 of 132 bytes failed: Only part of a ReadProcessMemory or WriteProcessMemory request was completed. (0x12B)
[1023/124719.646:ERROR:process_memory_win.cc(73)] ReadMemory at 0x80910c4470 of 62 bytes failed: Only part of a ReadProcessMemory or WriteProcessMemory request was completed. (0x12B)
[1023/124719.646:ERROR:process_memory_win.cc(73)] ReadMemory at 0x80910c44c0 of 132 bytes failed: Only part of a ReadProcessMemory or WriteProcessMemory request was completed. (0x12B)
[1023/124719.647:ERROR:process_memory_win.cc(73)] ReadMemory at 0x80910c52f0 of 54 bytes failed: Only part of a ReadProcessMemory or WriteProcessMemory request was completed. (0x12B)
[1023/124719.647:ERROR:process_memory_win.cc(73)] ReadMemory at 0x80910c56b0 of 60 bytes failed: Only part of a ReadProcessMemory or WriteProcessMemory request was completed. (0x12B)
[1023/124719.647:ERROR:process_memory_win.cc(73)] ReadMemory at 0x80910c5700 of 132 bytes failed: Only part of a ReadProcessMemory or WriteProcessMemory request was completed. (0x12B)
[1023/124719.647:ERROR:process_memory_win.cc(73)] ReadMemory at 0x80910c5950 of 158 bytes failed: Only part of a ReadProcessMemory or WriteProcessMemory request was completed. (0x12B)
[1023/124719.647:ERROR:process_memory_win.cc(73)] ReadMemory at 0x80910c6ab0 of 132 bytes failed: Only part of a ReadProcessMemory or WriteProcessMemory request was completed. (0x12B)
[1023/124719.647:ERROR:process_memory_win.cc(73)] ReadMemory at 0x80910c6bd0 of 132 bytes failed: Only part of a ReadProcessMemory or WriteProcessMemory request was completed. (0x12B)
[1023/124719.647:ERROR:process_memory_win.cc(73)] ReadMemory at 0x80910c6cf0 of 132 bytes failed: Only part of a ReadProcessMemory or WriteProcessMemory request was completed. (0x12B)
[1023/124719.647:ERROR:process_memory_win.cc(73)] ReadMemory at 0x80910c6f30 of 132 bytes failed: Only part of a ReadProcessMemory or WriteProcessMemory request was completed. (0x12B)
[1023/124719.647:ERROR:process_memory_win.cc(73)] ReadMemory at 0x80910c7050 of 132 bytes failed: Only part of a ReadProcessMemory or WriteProcessMemory request was completed. (0x12B)
[1023/124719.648:ERROR:process_memory_win.cc(73)] ReadMemory at 0x80910cad80 of 132 bytes failed: Only part of a ReadProcessMemory or WriteProcessMemory request was completed. (0x12B)
[1023/124719.648:ERROR:process_memory_win.cc(73)] ReadMemory at 0x80910caea0 of 132 bytes failed: Only part of a ReadProcessMemory or WriteProcessMemory request was completed. (0x12B)
[1023/124719.648:ERROR:process_memory_win.cc(73)] ReadMemory at 0x80910cca40 of 62 bytes failed: Only part of a ReadProcessMemory or WriteProcessMemory request was completed. (0x12B)
[1023/124719.648:ERROR:process_memory_win.cc(73)] ReadMemory at 0x80910cca90 of 60 bytes failed: Only part of a ReadProcessMemory or WriteProcessMemory request was completed. (0x12B)
[1023/124719.648:ERROR:process_memory_win.cc(73)] ReadMemory at 0x80910ccae0 of 58 bytes failed: Only part of a ReadProcessMemory or WriteProcessMemory request was completed. (0x12B)
[1023/124719.648:ERROR:process_memory_win.cc(73)] ReadMemory at 0x80910ccb30 of 62 bytes failed: Only part of a ReadProcessMemory or WriteProcessMemory request was completed. (0x12B)
[1023/124719.648:ERROR:process_memory_win.cc(73)] ReadMemory at 0x80910ccb80 of 60 bytes failed: Only part of a ReadProcessMemory or WriteProcessMemory request was completed. (0x12B)
[1023/124719.648:ERROR:process_memory_win.cc(73)] ReadMemory at 0x80910ccbd0 of 66 bytes failed: Only part of a ReadProcessMemory or WriteProcessMemory request was completed. (0x12B)
[1023/124719.648:ERROR:process_memory_win.cc(73)] ReadMemory at 0x80910ccc20 of 62 bytes failed: Only part of a ReadProcessMemory or WriteProcessMemory request was completed. (0x12B)
[1023/124719.648:ERROR:process_memory_win.cc(73)] ReadMemory at 0x80910ccc70 of 62 bytes failed: Only part of a ReadProcessMemory or WriteProcessMemory request was completed. (0x12B)
[1023/124719.648:ERROR:process_memory_win.cc(73)] ReadMemory at 0x80910ccd10 of 60 bytes failed: Only part of a ReadProcessMemory or WriteProcessMemory request was completed. (0x12B)
[1023/124719.649:ERROR:process_memory_win.cc(73)] ReadMemory at 0x80910ccd60 of 62 bytes failed: Only part of a ReadProcessMemory or WriteProcessMemory request was completed. (0x12B)
[1023/124719.649:ERROR:process_memory_win.cc(73)] ReadMemory at 0x80910ccdb0 of 64 bytes failed: Only part of a ReadProcessMemory or WriteProcessMemory request was completed. (0x12B)
[1023/124719.649:ERROR:process_memory_win.cc(73)] ReadMemory at 0x80910cce00 of 64 bytes failed: Only part of a ReadProcessMemory or WriteProcessMemory request was completed. (0x12B)
[1023/124719.649:ERROR:process_memory_win.cc(73)] ReadMemory at 0x80910cce50 of 58 bytes failed: Only part of a ReadProcessMemory or WriteProcessMemory request was completed. (0x12B)
[1023/124719.649:ERROR:process_memory_win.cc(73)] ReadMemory at 0x80910ccea0 of 64 bytes failed: Only part of a ReadProcessMemory or WriteProcessMemory request was completed. (0x12B)
[1023/124719.649:ERROR:process_memory_win.cc(73)] ReadMemory at 0x80910ccef0 of 62 bytes failed: Only part of a ReadProcessMemory or WriteProcessMemory request was completed. (0x12B)
[1023/124719.649:ERROR:process_memory_win.cc(73)] ReadMemory at 0x80910ccf40 of 62 bytes failed: Only part of a ReadProcessMemory or WriteProcessMemory request was completed. (0x12B)
[1023/124719.649:ERROR:process_memory_win.cc(73)] ReadMemory at 0x80910ccf90 of 62 bytes failed: Only part of a ReadProcessMemory or WriteProcessMemory request was completed. (0x12B)
[1023/124719.649:ERROR:process_memory_win.cc(73)] ReadMemory at 0x80910ccfe0 of 64 bytes failed: Only part of a ReadProcessMemory or WriteProcessMemory request was completed. (0x12B)
[1023/124719.649:ERROR:process_memory_win.cc(73)] ReadMemory at 0x80910cd030 of 64 bytes failed: Only part of a ReadProcessMemory or WriteProcessMemory request was completed. (0x12B)
[1023/124719.649:ERROR:process_memory_win.cc(73)] ReadMemory at 0x80910cd080 of 64 bytes failed: Only part of a ReadProcessMemory or WriteProcessMemory request was completed. (0x12B)
[1023/124719.649:ERROR:process_memory_win.cc(73)] ReadMemory at 0x80910cd0d0 of 60 bytes failed: Only part of a ReadProcessMemory or WriteProcessMemory request was completed. (0x12B)
[1023/124719.649:ERROR:process_memory_win.cc(73)] ReadMemory at 0x80910cd120 of 60 bytes failed: Only part of a ReadProcessMemory or WriteProcessMemory request was completed. (0x12B)
[1023/124719.649:ERROR:process_memory_win.cc(73)] ReadMemory at 0x80910cd170 of 60 bytes failed: Only part of a ReadProcessMemory or WriteProcessMemory request was completed. (0x12B)
[1023/124719.650:ERROR:process_memory_win.cc(73)] ReadMemory at 0x80910cd610 of 132 bytes failed: Only part of a ReadProcessMemory or WriteProcessMemory request was completed. (0x12B)
[1023/124719.650:ERROR:process_memory_win.cc(73)] ReadMemory at 0x80910cd730 of 132 bytes failed: Only part of a ReadProcessMemory or WriteProcessMemory request was completed. (0x12B)
[1023/124719.650:ERROR:process_memory_win.cc(73)] ReadMemory at 0x80910cd850 of 132 bytes failed: Only part of a ReadProcessMemory or WriteProcessMemory request was completed. (0x12B)
[1023/124719.650:ERROR:process_memory_win.cc(73)] ReadMemory at 0x80910ce4f0 of 132 bytes failed: Only part of a ReadProcessMemory or WriteProcessMemory request was completed. (0x12B)
[1023/124719.650:ERROR:process_memory_win.cc(73)] ReadMemory at 0x80910ce610 of 132 bytes failed: Only part of a ReadProcessMemory or WriteProcessMemory request was completed. (0x12B)
[1023/124719.650:ERROR:process_memory_win.cc(73)] ReadMemory at 0x80910ce730 of 132 bytes failed: Only part of a ReadProcessMemory or WriteProcessMemory request was completed. (0x12B)
[1023/124719.650:ERROR:process_memory_win.cc(73)] ReadMemory at 0x80910ce850 of 132 bytes failed: Only part of a ReadProcessMemory or WriteProcessMemory request was completed. (0x12B)
[1023/124719.650:ERROR:process_memory_win.cc(73)] ReadMemory at 0x80910ce970 of 132 bytes failed: Only part of a ReadProcessMemory or WriteProcessMemory request was completed. (0x12B)
[1023/124719.650:ERROR:process_memory_win.cc(73)] ReadMemory at 0x80910cea90 of 132 bytes failed: Only part of a ReadProcessMemory or WriteProcessMemory request was completed. (0x12B)
[1023/124719.650:ERROR:process_memory_win.cc(73)] ReadMemory at 0x80910cebb0 of 132 bytes failed: Only part of a ReadProcessMemory or WriteProcessMemory request was completed. (0x12B)
[1023/124719.650:ERROR:process_memory_win.cc(73)] ReadMemory at 0x80910cecd0 of 132 bytes failed: Only part of a ReadProcessMemory or WriteProcessMemory request was completed. (0x12B)
[1023/124719.650:ERROR:process_memory_win.cc(73)] ReadMemory at 0x80910cedf0 of 132 bytes failed: Only part of a ReadProcessMemory or WriteProcessMemory request was completed. (0x12B)
[1023/124719.650:ERROR:process_memory_win.cc(73)] ReadMemory at 0x80910cef10 of 132 bytes failed: Only part of a ReadProcessMemory or WriteProcessMemory request was completed. (0x12B)
[1023/124719.650:ERROR:process_memory_win.cc(73)] ReadMemory at 0x80910cf030 of 132 bytes failed: Only part of a ReadProcessMemory or WriteProcessMemory request was completed. (0x12B)
[1023/124719.650:ERROR:process_memory_win.cc(73)] ReadMemory at 0x80910cf150 of 132 bytes failed: Only part of a ReadProcessMemory or WriteProcessMemory request was completed. (0x12B)
[1023/124719.650:ERROR:process_memory_win.cc(73)] ReadMemory at 0x80910cf270 of 132 bytes failed: Only part of a ReadProcessMemory or WriteProcessMemory request was completed. (0x12B)
[1023/124719.650:ERROR:process_memory_win.cc(73)] ReadMemory at 0x80910cf800 of 80 bytes failed: Only part of a ReadProcessMemory or WriteProcessMemory request was completed. (0x12B)
[1023/124719.650:ERROR:process_memory_win.cc(73)] ReadMemory at 0x80910d2070 of 132 bytes failed: Only part of a ReadProcessMemory or WriteProcessMemory request was completed. (0x12B)
[1023/124719.651:ERROR:process_memory_win.cc(73)] ReadMemory at 0x80910d2610 of 132 bytes failed: Only part of a ReadProcessMemory or WriteProcessMemory request was completed. (0x12B)
[1023/124719.651:ERROR:process_memory_win.cc(73)] ReadMemory at 0x80910d2730 of 132 bytes failed: Only part of a ReadProcessMemory or WriteProcessMemory request was completed. (0x12B)
[1023/124719.651:ERROR:process_memory_win.cc(73)] ReadMemory at 0x80910d2970 of 132 bytes failed: Only part of a ReadProcessMemory or WriteProcessMemory request was completed. (0x12B)
[1023/124719.651:ERROR:process_memory_win.cc(73)] ReadMemory at 0x80910d2bb0 of 132 bytes failed: Only part of a ReadProcessMemory or WriteProcessMemory request was completed. (0x12B)
[1023/124719.651:ERROR:process_memory_win.cc(73)] ReadMemory at 0x80910d2f10 of 132 bytes failed: Only part of a ReadProcessMemory or WriteProcessMemory request was completed. (0x12B)
[1023/124719.651:ERROR:process_memory_win.cc(73)] ReadMemory at 0x80910d35d0 of 132 bytes failed: Only part of a ReadProcessMemory or WriteProcessMemory request was completed. (0x12B)
[1023/124719.651:ERROR:process_memory_win.cc(73)] ReadMemory at 0x80910d3810 of 132 bytes failed: Only part of a ReadProcessMemory or WriteProcessMemory request was completed. (0x12B)
[1023/124719.651:ERROR:process_memory_win.cc(73)] ReadMemory at 0x80910d3c90 of 132 bytes failed: Only part of a ReadProcessMemory or WriteProcessMemory request was completed. (0x12B)
[1023/124719.651:ERROR:process_memory_win.cc(73)] ReadMemory at 0x80910d5560 of 66 bytes failed: Only part of a ReadProcessMemory or WriteProcessMemory request was completed. (0x12B)
[1023/124719.651:ERROR:process_memory_win.cc(73)] ReadMemory at 0x80910d55b0 of 58 bytes failed: Only part of a ReadProcessMemory or WriteProcessMemory request was completed. (0x12B)
[1023/124719.651:ERROR:process_memory_win.cc(73)] ReadMemory at 0x80910d5ab0 of 62 bytes failed: Only part of a ReadProcessMemory or WriteProcessMemory request was completed. (0x12B)
[1023/124719.651:ERROR:process_memory_win.cc(73)] ReadMemory at 0x80910d5f60 of 58 bytes failed: Only part of a ReadProcessMemory or WriteProcessMemory request was completed. (0x12B)
[1023/124719.651:ERROR:process_memory_win.cc(73)] ReadMemory at 0x80910d5fb0 of 60 bytes failed: Only part of a ReadProcessMemory or WriteProcessMemory request was completed. (0x12B)
[1023/124719.651:ERROR:process_memory_win.cc(73)] ReadMemory at 0x80910d60a0 of 64 bytes failed: Only part of a ReadProcessMemory or WriteProcessMemory request was completed. (0x12B)
[1023/124719.651:ERROR:process_memory_win.cc(73)] ReadMemory at 0x80910d97b0 of 512 bytes failed: Only part of a ReadProcessMemory or WriteProcessMemory request was completed. (0x12B)
[1023/124719.652:ERROR:process_memory_win.cc(73)] ReadMemory at 0x80912b9040 of 512 bytes failed: Only part of a ReadProcessMemory or WriteProcessMemory request was completed. (0x12B)
[1023/124719.652:ERROR:process_memory_win.cc(73)] ReadMemory at 0x80912bc8f0 of 512 bytes failed: Only part of a ReadProcessMemory or WriteProcessMemory request was completed. (0x12B)
[1023/124719.652:ERROR:process_memory_win.cc(73)] ReadMemory at 0x80912d2880 of 744 bytes failed: Only part of a ReadProcessMemory or WriteProcessMemory request was completed. (0x12B)
[1023/124719.652:ERROR:process_memory_win.cc(73)] ReadMemory at 0x80916e00d0 of 512 bytes failed: Only part of a ReadProcessMemory or WriteProcessMemory request was completed. (0x12B)
[1023/124719.652:ERROR:process_memory_win.cc(73)] ReadMemory at 0x8096194b70 of 512 bytes failed: Only part of a ReadProcessMemory or WriteProcessMemory request was completed. (0x12B)
[1023/124719.652:ERROR:process_memory_win.cc(73)] ReadMemory at 0x8096294a30 of 512 bytes failed: Only part of a ReadProcessMemory or WriteProcessMemory request was completed. (0x12B)
[1023/124719.652:ERROR:process_memory_win.cc(73)] ReadMemory at 0x80962952b0 of 512 bytes failed: Only part of a ReadProcessMemory or WriteProcessMemory request was completed. (0x12B)
[1023/124719.652:ERROR:process_memory_win.cc(73)] ReadMemory at 0x8096295d30 of 512 bytes failed: Only part of a ReadProcessMemory or WriteProcessMemory request was completed. (0x12B)
[1023/124719.652:ERROR:process_memory_win.cc(73)] ReadMemory at 0x8098b0cf80 of 512 bytes failed: Only part of a ReadProcessMemory or WriteProcessMemory request was completed. (0x12B)
[1023/124719.652:ERROR:process_memory_win.cc(73)] ReadMemory at 0x8098e65ab0 of 512 bytes failed: Only part of a ReadProcessMemory or WriteProcessMemory request was completed. (0x12B)
[1023/124719.652:ERROR:process_memory_win.cc(73)] ReadMemory at 0x8098eab280 of 512 bytes failed: Only part of a ReadProcessMemory or WriteProcessMemory request was completed. (0x12B)
[1023/124719.652:ERROR:process_memory_win.cc(73)] ReadMemory at 0x8098f38810 of 512 bytes failed: Only part of a ReadProcessMemory or WriteProcessMemory request was completed. (0x12B)
[1023/124719.652:ERROR:process_memory_win.cc(73)] ReadMemory at 0x8098f78a40 of 512 bytes failed: Only part of a ReadProcessMemory or WriteProcessMemory request was completed. (0x12B)
[1023/124719.652:ERROR:process_memory_win.cc(73)] ReadMemory at 0x8099210000 of 384 bytes failed: Only part of a ReadProcessMemory or WriteProcessMemory request was completed. (0x12B)
[1023/124719.652:ERROR:process_memory_win.cc(73)] ReadMemory at 0x8099267380 of 512 bytes failed: Only part of a ReadProcessMemory or WriteProcessMemory request was completed. (0x12B)
[1023/124719.653:ERROR:process_memory_win.cc(73)] ReadMemory at 0x80992d03b0 of 512 bytes failed: Only part of a ReadProcessMemory or WriteProcessMemory request was completed. (0x12B)
[1023/124719.653:ERROR:process_memory_win.cc(73)] ReadMemory at 0x80992f9f10 of 512 bytes failed: Only part of a ReadProcessMemory or WriteProcessMemory request was completed. (0x12B)
[1023/124719.653:ERROR:process_memory_win.cc(73)] ReadMemory at 0x80992fadf0 of 576 bytes failed: Only part of a ReadProcessMemory or WriteProcessMemory request was completed. (0x12B)
[1023/124719.653:ERROR:process_memory_win.cc(73)] ReadMemory at 0x8099368f80 of 512 bytes failed: Only part of a ReadProcessMemory or WriteProcessMemory request was completed. (0x12B)
[1023/124719.653:ERROR:process_memory_win.cc(73)] ReadMemory at 0x8099393338 of 512 bytes failed: Only part of a ReadProcessMemory or WriteProcessMemory request was completed. (0x12B)
[1023/124719.653:ERROR:process_memory_win.cc(73)] ReadMemory at 0x80993c6038 of 512 bytes failed: Only part of a ReadProcessMemory or WriteProcessMemory request was completed. (0x12B)
[1023/124719.653:ERROR:process_memory_win.cc(73)] ReadMemory at 0x7ff70b6c2000 of 6024 bytes failed: Only part of a ReadProcessMemory or WriteProcessMemory request was completed. (0x12B)
[1023/124719.653:ERROR:process_memory_win.cc(73)] ReadMemory at 0x7ff70b6c4000 of 6024 bytes failed: Only part of a ReadProcessMemory or WriteProcessMemory request was completed. (0x12B)
[1023/124719.653:ERROR:process_memory_win.cc(73)] ReadMemory at 0x7ff70b6c6000 of 6024 bytes failed: Only part of a ReadProcessMemory or WriteProcessMemory request was completed. (0x12B)
[1023/124719.653:ERROR:process_memory_win.cc(73)] ReadMemory at 0x7ff70b6c8000 of 6024 bytes failed: Only part of a ReadProcessMemory or WriteProcessMemory request was completed. (0x12B)
[1023/124719.653:ERROR:process_memory_win.cc(73)] ReadMemory at 0x7ff70b6ca000 of 6024 bytes failed: Only part of a ReadProcessMemory or WriteProcessMemory request was completed. (0x12B)
[1023/124719.653:ERROR:process_memory_win.cc(73)] ReadMemory at 0x7ff70b6cbf80 of 6152 bytes failed: Only part of a ReadProcessMemory or WriteProcessMemory request was completed. (0x12B)
[1023/124719.653:ERROR:process_memory_win.cc(73)] ReadMemory at 0x7ff70b6ce000 of 6024 bytes failed: Only part of a ReadProcessMemory or WriteProcessMemory request was completed. (0x12B)
[1023/124719.654:ERROR:process_memory_win.cc(73)] ReadMemory at 0x7ff70b7f3000 of 6024 bytes failed: Only part of a ReadProcessMemory or WriteProcessMemory request was completed. (0x12B)
[1023/124719.654:ERROR:process_memory_win.cc(73)] ReadMemory at 0x7ff70b7f5000 of 6024 bytes failed: Only part of a ReadProcessMemory or WriteProcessMemory request was completed. (0x12B)
[1023/124719.654:ERROR:process_memory_win.cc(73)] ReadMemory at 0x7ff70b7f7000 of 6024 bytes failed: Only part of a ReadProcessMemory or WriteProcessMemory request was completed. (0x12B)
[1023/124719.654:ERROR:process_memory_win.cc(73)] ReadMemory at 0x7ff70b7f9000 of 6024 bytes failed: Only part of a ReadProcessMemory or WriteProcessMemory request was completed. (0x12B)
[1023/124719.654:ERROR:process_memory_win.cc(73)] ReadMemory at 0x7ff70b7fb000 of 6024 bytes failed: Only part of a ReadProcessMemory or WriteProcessMemory request was completed. (0x12B)
[1023/124719.654:ERROR:process_memory_win.cc(73)] ReadMemory at 0x7ff70b7fd000 of 6024 bytes failed: Only part of a ReadProcessMemory or WriteProcessMemory request was completed. (0x12B)
[1023/124719.654:ERROR:process_memory_win.cc(73)] ReadMemory at 0x7ff70b7ff000 of 852 bytes failed: Only part of a ReadProcessMemory or WriteProcessMemory request was completed. (0x12B)
[1023/124719.654:ERROR:process_memory_win.cc(73)] ReadMemory at 0x7ff8922b28d6 of 512 bytes failed: Only part of a ReadProcessMemory or WriteProcessMemory request was completed. (0x12B)
[1023/124719.654:ERROR:process_memory_win.cc(73)] ReadMemory at 0x7ff8922b851e of 512 bytes failed: Only part of a ReadProcessMemory or WriteProcessMemory request was completed. (0x12B)
[1023/124719.654:ERROR:process_memory_win.cc(73)] ReadMemory at 0x7ff896821b2a of 512 bytes failed: Only part of a ReadProcessMemory or WriteProcessMemory request was completed. (0x12B)
[1023/124719.654:ERROR:process_memory_win.cc(73)] ReadMemory at 0x7ff8a5f957e6 of 512 bytes failed: Only part of a ReadProcessMemory or WriteProcessMemory request was completed. (0x12B)
[1023/124719.654:ERROR:process_memory_win.cc(73)] ReadMemory at 0x7ff8a5f9603d of 512 bytes failed: Only part of a ReadProcessMemory or WriteProcessMemory request was completed. (0x12B)
[1023/124719.654:ERROR:process_memory_win.cc(73)] ReadMemory at 0x7ff8c9cd0fbc of 512 bytes failed: Only part of a ReadProcessMemory or WriteProcessMemory request was completed. (0x12B)
[1023/124719.655:ERROR:process_memory_win.cc(73)] ReadMemory at 0x7ff8ca4b37e0 of 512 bytes failed: Only part of a ReadProcessMemory or WriteProcessMemory request was completed. (0x12B)
[1023/124719.655:ERROR:process_memory_win.cc(73)] ReadMemory at 0x7ff8ca4b74c0 of 18 bytes failed: Only part of a ReadProcessMemory or WriteProcessMemory request was completed. (0x12B)
[1023/124719.655:ERROR:process_memory_win.cc(73)] ReadMemory at 0x7ff8ca4d9646 of 702 bytes failed: Only part of a ReadProcessMemory or WriteProcessMemory request was completed. (0x12B)
[1023/124719.655:ERROR:process_memory_win.cc(73)] ReadMemory at 0x7ff8ca547a9a of 512 bytes failed: Only part of a ReadProcessMemory or WriteProcessMemory request was completed. (0x12B)
[1023/124719.655:ERROR:process_memory_win.cc(73)] ReadMemory at 0x7ff8ca54951a of 560 bytes failed: Only part of a ReadProcessMemory or WriteProcessMemory request was completed. (0x12B)
[1023/124719.655:ERROR:process_memory_win.cc(73)] ReadMemory at 0x7ff8ca54b9cb of 512 bytes failed: Only part of a ReadProcessMemory or WriteProcessMemory request was completed. (0x12B)
[1023/124719.655:ERROR:process_memory_win.cc(73)] ReadMemory at 0x7ff8ca5d9980 of 40 bytes failed: Only part of a ReadProcessMemory or WriteProcessMemory request was completed. (0x12B)
[1023/124719.655:ERROR:process_memory_win.cc(73)] ReadMemory at 0x7ff8ca5dcce0 of 48 bytes failed: Only part of a ReadProcessMemory or WriteProcessMemory request was completed. (0x12B)
[1023/124719.655:ERROR:process_memory_win.cc(73)] ReadMemory at 0x7ff8ca5df3c0 of 64 bytes failed: Only part of a ReadProcessMemory or WriteProcessMemory request was completed. (0x12B)
[1023/124719.993:ERROR:scoped_process_suspend.cc(40)] NtResumeProcess: An attempt was made to access an exiting process. (0xc000010a)
